{"D:\\小米云盘\\myWeb\\src\\crypto.js": {"path":"D:\\小米云盘\\myWeb\\src\\crypto.js","statementMap":{"0":{"start":{"line":6,"column":30},"end":{"line":6,"column":77}},"1":{"start":{"line":6,"column":36},"end":{"line":6,"column":51}},"2":{"start":{"line":6,"column":66},"end":{"line":6,"column":75}},"3":{"start":{"line":12,"column":14},"end":{"line":12,"column":31}},"4":{"start":{"line":13,"column":22},"end":{"line":15,"column":3}},"5":{"start":{"line":16,"column":2},"end":{"line":22,"column":null}},"6":{"start":{"line":29,"column":15},"end":{"line":29,"column":57}},"7":{"start":{"line":30,"column":13},"end":{"line":30,"column":55}},"8":{"start":{"line":31,"column":14},"end":{"line":31,"column":51}},"9":{"start":{"line":32,"column":18},"end":{"line":32,"column":52}},"10":{"start":{"line":33,"column":20},"end":{"line":33,"column":86}},"11":{"start":{"line":34,"column":2},"end":{"line":39,"column":null}},"12":{"start":{"line":46,"column":2},"end":{"line":46,"column":null}},"13":{"start":{"line":46,"column":36},"end":{"line":46,"column":null}},"14":{"start":{"line":47,"column":15},"end":{"line":47,"column":42}},"15":{"start":{"line":48,"column":13},"end":{"line":48,"column":38}},"16":{"start":{"line":49,"column":14},"end":{"line":49,"column":51}},"17":{"start":{"line":50,"column":20},"end":{"line":52,"column":3}},"18":{"start":{"line":53,"column":2},"end":{"line":53,"column":null}},"19":{"start":{"line":60,"column":2},"end":{"line":60,"column":null}},"20":{"start":{"line":60,"column":17},"end":{"line":60,"column":null}},"21":{"start":{"line":61,"column":2},"end":{"line":61,"column":null}},"22":{"start":{"line":61,"column":58},"end":{"line":61,"column":null}},"23":{"start":{"line":62,"column":2},"end":{"line":64,"column":null}},"24":{"start":{"line":63,"column":4},"end":{"line":63,"column":null}},"25":{"start":{"line":63,"column":10},"end":{"line":63,"column":25}},"26":{"start":{"line":63,"column":26},"end":{"line":63,"column":42}},"27":{"start":{"line":63,"column":57},"end":{"line":63,"column":76}},"28":{"start":{"line":65,"column":2},"end":{"line":65,"column":null}},"29":{"start":{"line":72,"column":2},"end":{"line":72,"column":null}},"30":{"start":{"line":72,"column":23},"end":{"line":72,"column":null}},"31":{"start":{"line":73,"column":14},"end":{"line":73,"column":50}},"32":{"start":{"line":74,"column":2},"end":{"line":74,"column":null}},"33":{"start":{"line":74,"column":27},"end":{"line":74,"column":null}},"34":{"start":{"line":75,"column":2},"end":{"line":75,"column":null}},"35":{"start":{"line":75,"column":24},"end":{"line":75,"column":null}},"36":{"start":{"line":76,"column":2},"end":{"line":76,"column":null}},"37":{"start":{"line":83,"column":2},"end":{"line":83,"column":null}},"38":{"start":{"line":83,"column":8},"end":{"line":83,"column":72}},"39":{"start":{"line":83,"column":83},"end":{"line":83,"column":92}}},"fnMap":{"0":{"name":"safeAtob","decl":{"start":{"line":6,"column":16},"end":{"line":6,"column":24}},"loc":{"start":{"line":6,"column":28},"end":{"line":6,"column":null}},"line":6},"1":{"name":"deriveKey","decl":{"start":{"line":11,"column":22},"end":{"line":11,"column":31}},"loc":{"start":{"line":11,"column":54},"end":{"line":23,"column":null}},"line":11},"2":{"name":"encryptPassword","decl":{"start":{"line":28,"column":22},"end":{"line":28,"column":37}},"loc":{"start":{"line":28,"column":64},"end":{"line":40,"column":null}},"line":28},"3":{"name":"decryptPassword","decl":{"start":{"line":45,"column":22},"end":{"line":45,"column":37}},"loc":{"start":{"line":45,"column":62},"end":{"line":54,"column":null}},"line":45},"4":{"name":"detectPasswordFormat","decl":{"start":{"line":59,"column":16},"end":{"line":59,"column":36}},"loc":{"start":{"line":59,"column":47},"end":{"line":66,"column":null}},"line":59},"5":{"name":"autoMigratePassword","decl":{"start":{"line":71,"column":22},"end":{"line":71,"column":41}},"loc":{"start":{"line":71,"column":74},"end":{"line":77,"column":null}},"line":71},"6":{"name":"safeDecodePassword","decl":{"start":{"line":82,"column":22},"end":{"line":82,"column":40}},"loc":{"start":{"line":82,"column":73},"end":{"line":84,"column":null}},"line":82}},"branchMap":{"0":{"loc":{"start":{"line":46,"column":2},"end":{"line":46,"column":null}},"type":"if","locations":[{"start":{"line":46,"column":2},"end":{"line":46,"column":null}},{"start":{},"end":{}}],"line":46},"1":{"loc":{"start":{"line":46,"column":6},"end":{"line":46,"column":34}},"type":"binary-expr","locations":[{"start":{"line":46,"column":6},"end":{"line":46,"column":13}},{"start":{"line":46,"column":17},"end":{"line":46,"column":34}}],"line":46},"2":{"loc":{"start":{"line":46,"column":43},"end":{"line":46,"column":73}},"type":"cond-expr","locations":[{"start":{"line":46,"column":52},"end":{"line":46,"column":68}},{"start":{"line":46,"column":71},"end":{"line":46,"column":73}}],"line":46},"3":{"loc":{"start":{"line":60,"column":2},"end":{"line":60,"column":null}},"type":"if","locations":[{"start":{"line":60,"column":2},"end":{"line":60,"column":null}},{"start":{},"end":{}}],"line":60},"4":{"loc":{"start":{"line":61,"column":2},"end":{"line":61,"column":null}},"type":"if","locations":[{"start":{"line":61,"column":2},"end":{"line":61,"column":null}},{"start":{},"end":{}}],"line":61},"5":{"loc":{"start":{"line":61,"column":6},"end":{"line":61,"column":56}},"type":"binary-expr","locations":[{"start":{"line":61,"column":6},"end":{"line":61,"column":34}},{"start":{"line":61,"column":38},"end":{"line":61,"column":56}}],"line":61},"6":{"loc":{"start":{"line":62,"column":2},"end":{"line":64,"column":null}},"type":"if","locations":[{"start":{"line":62,"column":2},"end":{"line":64,"column":null}},{"start":{},"end":{}}],"line":62},"7":{"loc":{"start":{"line":72,"column":2},"end":{"line":72,"column":null}},"type":"if","locations":[{"start":{"line":72,"column":2},"end":{"line":72,"column":null}},{"start":{},"end":{}}],"line":72},"8":{"loc":{"start":{"line":74,"column":2},"end":{"line":74,"column":null}},"type":"if","locations":[{"start":{"line":74,"column":2},"end":{"line":74,"column":null}},{"start":{},"end":{}}],"line":74},"9":{"loc":{"start":{"line":75,"column":2},"end":{"line":75,"column":null}},"type":"if","locations":[{"start":{"line":75,"column":2},"end":{"line":75,"column":null}},{"start":{},"end":{}}],"line":75}},"s":{"0":4,"1":4,"2":1,"3":14,"4":14,"5":14,"6":8,"7":8,"8":8,"9":8,"10":8,"11":8,"12":6,"13":0,"14":6,"15":6,"16":6,"17":6,"18":4,"19":12,"20":2,"21":10,"22":5,"23":5,"24":5,"25":5,"26":5,"27":2,"28":0,"29":10,"30":3,"31":7,"32":7,"33":4,"34":3,"35":3,"36":1,"37":0,"38":0,"39":0},"f":{"0":4,"1":14,"2":8,"3":6,"4":12,"5":10,"6":0},"b":{"0":[0,6],"1":[6,6],"2":[0,0],"3":[2,10],"4":[5,5],"5":[10,5],"6":[5,0],"7":[3,7],"8":[4,3],"9":[2,1]},"meta":{"lastBranch":10,"lastFunction":7,"lastStatement":40,"seen":{"f:6:16:6:24":0,"s:6:30:6:77":0,"s:6:36:6:51":1,"s:6:66:6:75":2,"f:11:22:11:31":1,"s:12:14:12:31":3,"s:13:22:15:3":4,"s:16:2:22:Infinity":5,"f:28:22:28:37":2,"s:29:15:29:57":6,"s:30:13:30:55":7,"s:31:14:31:51":8,"s:32:18:32:52":9,"s:33:20:33:86":10,"s:34:2:39:Infinity":11,"f:45:22:45:37":3,"b:46:2:46:Infinity:undefined:undefined:undefined:undefined":0,"s:46:2:46:Infinity":12,"b:46:6:46:13:46:17:46:34":1,"s:46:36:46:Infinity":13,"b:46:52:46:68:46:71:46:73":2,"s:47:15:47:42":14,"s:48:13:48:38":15,"s:49:14:49:51":16,"s:50:20:52:3":17,"s:53:2:53:Infinity":18,"f:59:16:59:36":4,"b:60:2:60:Infinity:undefined:undefined:undefined:undefined":3,"s:60:2:60:Infinity":19,"s:60:17:60:Infinity":20,"b:61:2:61:Infinity:undefined:undefined:undefined:undefined":4,"s:61:2:61:Infinity":21,"b:61:6:61:34:61:38:61:56":5,"s:61:58:61:Infinity":22,"b:62:2:64:Infinity:undefined:undefined:undefined:undefined":6,"s:62:2:64:Infinity":23,"s:63:4:63:Infinity":24,"s:63:10:63:25":25,"s:63:26:63:42":26,"s:63:57:63:76":27,"s:65:2:65:Infinity":28,"f:71:22:71:41":5,"b:72:2:72:Infinity:undefined:undefined:undefined:undefined":7,"s:72:2:72:Infinity":29,"s:72:23:72:Infinity":30,"s:73:14:73:50":31,"b:74:2:74:Infinity:undefined:undefined:undefined:undefined":8,"s:74:2:74:Infinity":32,"s:74:27:74:Infinity":33,"b:75:2:75:Infinity:undefined:undefined:undefined:undefined":9,"s:75:2:75:Infinity":34,"s:75:24:75:Infinity":35,"s:76:2:76:Infinity":36,"f:82:22:82:40":6,"s:83:2:83:Infinity":37,"s:83:8:83:72":38,"s:83:83:83:92":39},"fnNames":{}}}
,"D:\\小米云盘\\myWeb\\src\\utils.js": {"path":"D:\\小米云盘\\myWeb\\src\\utils.js","statementMap":{"0":{"start":{"line":12,"column":24},"end":{"line":12,"column":42}},"1":{"start":{"line":13,"column":30},"end":{"line":13,"column":115}},"2":{"start":{"line":13,"column":36},"end":{"line":13,"column":87}},"3":{"start":{"line":13,"column":102},"end":{"line":13,"column":113}},"4":{"start":{"line":15,"column":2},"end":{"line":15,"column":null}},"5":{"start":{"line":15,"column":18},"end":{"line":15,"column":null}},"6":{"start":{"line":16,"column":13},"end":{"line":16,"column":null}},"7":{"start":{"line":17,"column":2},"end":{"line":17,"column":null}},"8":{"start":{"line":19,"column":28},"end":{"line":19,"column":41}},"9":{"start":{"line":19,"column":42},"end":{"line":19,"column":59}},"10":{"start":{"line":19,"column":50},"end":{"line":19,"column":59}},"11":{"start":{"line":19,"column":60},"end":{"line":19,"column":98}},"12":{"start":{"line":19,"column":89},"end":{"line":19,"column":98}},"13":{"start":{"line":19,"column":99},"end":{"line":19,"column":121}},"14":{"start":{"line":23,"column":35},"end":{"line":23,"column":64}},"15":{"start":{"line":23,"column":66},"end":{"line":23,"column":84}},"16":{"start":{"line":23,"column":85},"end":{"line":23,"column":104}},"17":{"start":{"line":25,"column":22},"end":{"line":30,"column":1}},"18":{"start":{"line":33,"column":2},"end":{"line":33,"column":null}},"19":{"start":{"line":36,"column":39},"end":{"line":36,"column":74}},"20":{"start":{"line":40,"column":34},"end":{"line":40,"column":69}},"21":{"start":{"line":40,"column":59},"end":{"line":40,"column":69}},"22":{"start":{"line":40,"column":80},"end":{"line":40,"column":87}},"23":{"start":{"line":40,"column":89},"end":{"line":40,"column":107}},"24":{"start":{"line":40,"column":108},"end":{"line":40,"column":120}},"25":{"start":{"line":43,"column":2},"end":{"line":44,"column":null}},"26":{"start":{"line":43,"column":29},"end":{"line":43,"column":87}},"27":{"start":{"line":44,"column":20},"end":{"line":44,"column":54}},"28":{"start":{"line":44,"column":56},"end":{"line":44,"column":72}},"29":{"start":{"line":44,"column":73},"end":{"line":44,"column":101}},"30":{"start":{"line":44,"column":102},"end":{"line":44,"column":125}},"31":{"start":{"line":44,"column":126},"end":{"line":44,"column":156}},"32":{"start":{"line":44,"column":157},"end":{"line":44,"column":169}},"33":{"start":{"line":44,"column":170},"end":{"line":44,"column":199}},"34":{"start":{"line":44,"column":200},"end":{"line":44,"column":230}},"35":{"start":{"line":45,"column":1},"end":{"line":45,"column":null}},"36":{"start":{"line":48,"column":29},"end":{"line":48,"column":61}},"37":{"start":{"line":51,"column":2},"end":{"line":51,"column":null}},"38":{"start":{"line":51,"column":24},"end":{"line":51,"column":null}},"39":{"start":{"line":52,"column":2},"end":{"line":52,"column":null}},"40":{"start":{"line":52,"column":38},"end":{"line":52,"column":82}},"41":{"start":{"line":52,"column":93},"end":{"line":52,"column":99}},"42":{"start":{"line":57,"column":24},"end":{"line":57,"column":null}},"43":{"start":{"line":60,"column":2},"end":{"line":60,"column":null}},"44":{"start":{"line":64,"column":18},"end":{"line":64,"column":null}},"45":{"start":{"line":65,"column":2},"end":{"line":65,"column":null}},"46":{"start":{"line":65,"column":17},"end":{"line":65,"column":42}},"47":{"start":{"line":65,"column":43},"end":{"line":65,"column":54}},"48":{"start":{"line":66,"column":2},"end":{"line":66,"column":null}},"49":{"start":{"line":66,"column":33},"end":{"line":66,"column":79}},"50":{"start":{"line":66,"column":83},"end":{"line":66,"column":108}},"51":{"start":{"line":66,"column":109},"end":{"line":66,"column":120}},"52":{"start":{"line":67,"column":14},"end":{"line":67,"column":null}},"53":{"start":{"line":68,"column":2},"end":{"line":68,"column":null}},"54":{"start":{"line":69,"column":2},"end":{"line":69,"column":null}},"55":{"start":{"line":70,"column":1},"end":{"line":70,"column":null}},"56":{"start":{"line":71,"column":2},"end":{"line":71,"column":null}},"57":{"start":{"line":75,"column":2},"end":{"line":75,"column":null}},"58":{"start":{"line":75,"column":11},"end":{"line":75,"column":null}},"59":{"start":{"line":76,"column":16},"end":{"line":85,"column":null}},"60":{"start":{"line":77,"column":4},"end":{"line":80,"column":null}},"61":{"start":{"line":78,"column":6},"end":{"line":78,"column":null}},"62":{"start":{"line":79,"column":6},"end":{"line":79,"column":null}},"63":{"start":{"line":81,"column":4},"end":{"line":84,"column":null}},"64":{"start":{"line":82,"column":6},"end":{"line":82,"column":null}},"65":{"start":{"line":83,"column":6},"end":{"line":83,"column":null}},"66":{"start":{"line":86,"column":2},"end":{"line":86,"column":null}},"67":{"start":{"line":87,"column":2},"end":{"line":87,"column":null}},"68":{"start":{"line":87,"column":15},"end":{"line":87,"column":null}}},"fnMap":{"0":{"name":"gid","decl":{"start":{"line":12,"column":16},"end":{"line":12,"column":19}},"loc":{"start":{"line":12,"column":22},"end":{"line":12,"column":null}},"line":12},"1":{"name":"domain","decl":{"start":{"line":13,"column":16},"end":{"line":13,"column":22}},"loc":{"start":{"line":13,"column":28},"end":{"line":13,"column":null}},"line":13},"2":{"name":"favicon","decl":{"start":{"line":14,"column":16},"end":{"line":14,"column":23}},"loc":{"start":{"line":14,"column":41},"end":{"line":18,"column":null}},"line":14},"3":{"name":"fixUrl","decl":{"start":{"line":19,"column":16},"end":{"line":19,"column":22}},"loc":{"start":{"line":19,"column":26},"end":{"line":19,"column":null}},"line":19},"4":{"name":"esc","decl":{"start":{"line":23,"column":16},"end":{"line":23,"column":19}},"loc":{"start":{"line":23,"column":23},"end":{"line":23,"column":null}},"line":23},"5":{"name":"sanitizeHTML","decl":{"start":{"line":32,"column":16},"end":{"line":32,"column":28}},"loc":{"start":{"line":32,"column":35},"end":{"line":34,"column":null}},"line":32},"6":{"name":"cleanZeroWidth","decl":{"start":{"line":36,"column":16},"end":{"line":36,"column":30}},"loc":{"start":{"line":36,"column":37},"end":{"line":36,"column":null}},"line":36},"7":{"name":"swapOrder","decl":{"start":{"line":40,"column":16},"end":{"line":40,"column":25}},"loc":{"start":{"line":40,"column":32},"end":{"line":40,"column":null}},"line":40},"8":{"name":"copyToClipboard","decl":{"start":{"line":42,"column":16},"end":{"line":42,"column":31}},"loc":{"start":{"line":42,"column":45},"end":{"line":46,"column":null}},"line":42},"9":{"name":"(anonymous_9)","decl":{"start":{"line":43,"column":71},"end":{"line":43,"column":79}},"loc":{"start":{"line":43,"column":83},"end":{"line":43,"column":85}},"line":43},"10":{"name":"isMobile","decl":{"start":{"line":48,"column":16},"end":{"line":48,"column":24}},"loc":{"start":{"line":48,"column":27},"end":{"line":48,"column":null}},"line":48},"11":{"name":"getTagNames","decl":{"start":{"line":50,"column":16},"end":{"line":50,"column":27}},"loc":{"start":{"line":50,"column":52},"end":{"line":53,"column":null}},"line":50},"12":{"name":"(anonymous_12)","decl":{"start":{"line":52,"column":33},"end":{"line":52,"column":34}},"loc":{"start":{"line":52,"column":38},"end":{"line":52,"column":82}},"line":52},"13":{"name":"(anonymous_13)","decl":{"start":{"line":52,"column":88},"end":{"line":52,"column":89}},"loc":{"start":{"line":52,"column":93},"end":{"line":52,"column":99}},"line":52},"14":{"name":"createCategory","decl":{"start":{"line":59,"column":16},"end":{"line":59,"column":30}},"loc":{"start":{"line":59,"column":37},"end":{"line":61,"column":null}},"line":59},"15":{"name":"addNewCategory","decl":{"start":{"line":63,"column":16},"end":{"line":63,"column":30}},"loc":{"start":{"line":63,"column":44},"end":{"line":72,"column":null}},"line":63},"16":{"name":"(anonymous_16)","decl":{"start":{"line":66,"column":28},"end":{"line":66,"column":29}},"loc":{"start":{"line":66,"column":33},"end":{"line":66,"column":79}},"line":66},"17":{"name":"stripEntranceAnim","decl":{"start":{"line":74,"column":16},"end":{"line":74,"column":33}},"loc":{"start":{"line":74,"column":38},"end":{"line":88,"column":null}},"line":74},"18":{"name":"(anonymous_18)","decl":{"start":{"line":76,"column":16},"end":{"line":76,"column":17}},"loc":{"start":{"line":76,"column":23},"end":{"line":85,"column":null}},"line":76},"19":{"name":"(anonymous_19)","decl":{"start":{"line":87,"column":9},"end":{"line":87,"column":10}},"loc":{"start":{"line":87,"column":15},"end":{"line":87,"column":null}},"line":87}},"branchMap":{"0":{"loc":{"start":{"line":15,"column":2},"end":{"line":15,"column":null}},"type":"if","locations":[{"start":{"line":15,"column":2},"end":{"line":15,"column":null}},{"start":{},"end":{}}],"line":15},"1":{"loc":{"start":{"line":17,"column":9},"end":{"line":17,"column":null}},"type":"cond-expr","locations":[{"start":{"line":17,"column":14},"end":{"line":17,"column":53}},{"start":{"line":17,"column":56},"end":{"line":17,"column":null}}],"line":17},"2":{"loc":{"start":{"line":19,"column":42},"end":{"line":19,"column":59}},"type":"if","locations":[{"start":{"line":19,"column":42},"end":{"line":19,"column":59}},{"start":{},"end":{}}],"line":19},"3":{"loc":{"start":{"line":19,"column":60},"end":{"line":19,"column":98}},"type":"if","locations":[{"start":{"line":19,"column":60},"end":{"line":19,"column":98}},{"start":{},"end":{}}],"line":19},"4":{"loc":{"start":{"line":40,"column":34},"end":{"line":40,"column":69}},"type":"if","locations":[{"start":{"line":40,"column":34},"end":{"line":40,"column":69}},{"start":{},"end":{}}],"line":40},"5":{"loc":{"start":{"line":43,"column":2},"end":{"line":44,"column":null}},"type":"if","locations":[{"start":{"line":43,"column":2},"end":{"line":44,"column":null}},{"start":{"line":44,"column":7},"end":{"line":44,"column":null}}],"line":43},"6":{"loc":{"start":{"line":45,"column":9},"end":{"line":45,"column":20}},"type":"binary-expr","locations":[{"start":{"line":45,"column":9},"end":{"line":45,"column":14}},{"start":{"line":45,"column":18},"end":{"line":45,"column":20}}],"line":45},"7":{"loc":{"start":{"line":51,"column":2},"end":{"line":51,"column":null}},"type":"if","locations":[{"start":{"line":51,"column":2},"end":{"line":51,"column":null}},{"start":{},"end":{}}],"line":51},"8":{"loc":{"start":{"line":52,"column":38},"end":{"line":52,"column":82}},"type":"binary-expr","locations":[{"start":{"line":52,"column":38},"end":{"line":52,"column":57}},{"start":{"line":52,"column":61},"end":{"line":52,"column":82}}],"line":52},"9":{"loc":{"start":{"line":65,"column":2},"end":{"line":65,"column":null}},"type":"if","locations":[{"start":{"line":65,"column":2},"end":{"line":65,"column":null}},{"start":{},"end":{}}],"line":65},"10":{"loc":{"start":{"line":66,"column":2},"end":{"line":66,"column":null}},"type":"if","locations":[{"start":{"line":66,"column":2},"end":{"line":66,"column":null}},{"start":{},"end":{}}],"line":66},"11":{"loc":{"start":{"line":75,"column":2},"end":{"line":75,"column":null}},"type":"if","locations":[{"start":{"line":75,"column":2},"end":{"line":75,"column":null}},{"start":{},"end":{}}],"line":75},"12":{"loc":{"start":{"line":77,"column":4},"end":{"line":80,"column":null}},"type":"if","locations":[{"start":{"line":77,"column":4},"end":{"line":80,"column":null}},{"start":{},"end":{}}],"line":77},"13":{"loc":{"start":{"line":78,"column":31},"end":{"line":78,"column":null}},"type":"binary-expr","locations":[{"start":{"line":78,"column":31},"end":{"line":78,"column":96}},{"start":{"line":78,"column":100},"end":{"line":78,"column":null}}],"line":78},"14":{"loc":{"start":{"line":81,"column":4},"end":{"line":84,"column":null}},"type":"if","locations":[{"start":{"line":81,"column":4},"end":{"line":84,"column":null}},{"start":{},"end":{}}],"line":81}},"s":{"0":6,"1":15,"2":15,"3":3,"4":6,"5":1,"6":5,"7":5,"8":10,"9":10,"10":2,"11":8,"12":3,"13":5,"14":18,"15":18,"16":18,"17":10,"18":6,"19":4,"20":2,"21":1,"22":2,"23":2,"24":2,"25":1,"26":1,"27":0,"28":0,"29":0,"30":0,"31":0,"32":0,"33":0,"34":0,"35":1,"36":1,"37":0,"38":0,"39":0,"40":0,"41":0,"42":10,"43":3,"44":0,"45":0,"46":0,"47":0,"48":0,"49":0,"50":0,"51":0,"52":0,"53":0,"54":0,"55":0,"56":0,"57":0,"58":0,"59":0,"60":0,"61":0,"62":0,"63":0,"64":0,"65":0,"66":0,"67":0,"68":0},"f":{"0":6,"1":15,"2":6,"3":10,"4":18,"5":6,"6":4,"7":2,"8":1,"9":0,"10":1,"11":0,"12":0,"13":0,"14":3,"15":0,"16":0,"17":0,"18":0,"19":0},"b":{"0":[1,5],"1":[4,1],"2":[2,8],"3":[3,5],"4":[1,1],"5":[1,0],"6":[1,0],"7":[0,0],"8":[0,0],"9":[0,0],"10":[0,0],"11":[0,0],"12":[0,0],"13":[0,0],"14":[0,0]},"meta":{"lastBranch":15,"lastFunction":20,"lastStatement":69,"seen":{"f:12:16:12:19":0,"s:12:24:12:42":0,"f:13:16:13:22":1,"s:13:30:13:115":1,"s:13:36:13:87":2,"s:13:102:13:113":3,"f:14:16:14:23":2,"b:15:2:15:Infinity:undefined:undefined:undefined:undefined":0,"s:15:2:15:Infinity":4,"s:15:18:15:Infinity":5,"s:16:13:16:Infinity":6,"s:17:2:17:Infinity":7,"b:17:14:17:53:17:56:17:Infinity":1,"f:19:16:19:22":3,"s:19:28:19:41":8,"b:19:42:19:59:undefined:undefined:undefined:undefined":2,"s:19:42:19:59":9,"s:19:50:19:59":10,"b:19:60:19:98:undefined:undefined:undefined:undefined":3,"s:19:60:19:98":11,"s:19:89:19:98":12,"s:19:99:19:121":13,"f:23:16:23:19":4,"s:23:35:23:64":14,"s:23:66:23:84":15,"s:23:85:23:104":16,"s:25:22:30:1":17,"f:32:16:32:28":5,"s:33:2:33:Infinity":18,"f:36:16:36:30":6,"s:36:39:36:74":19,"f:40:16:40:25":7,"b:40:34:40:69:undefined:undefined:undefined:undefined":4,"s:40:34:40:69":20,"s:40:59:40:69":21,"s:40:80:40:87":22,"s:40:89:40:107":23,"s:40:108:40:120":24,"f:42:16:42:31":8,"b:43:2:44:Infinity:44:7:44:Infinity":5,"s:43:2:44:Infinity":25,"s:43:29:43:87":26,"f:43:71:43:79":9,"s:44:20:44:54":27,"s:44:56:44:72":28,"s:44:73:44:101":29,"s:44:102:44:125":30,"s:44:126:44:156":31,"s:44:157:44:169":32,"s:44:170:44:199":33,"s:44:200:44:230":34,"s:45:1:45:Infinity":35,"b:45:9:45:14:45:18:45:20":6,"f:48:16:48:24":10,"s:48:29:48:61":36,"f:50:16:50:27":11,"b:51:2:51:Infinity:undefined:undefined:undefined:undefined":7,"s:51:2:51:Infinity":37,"s:51:24:51:Infinity":38,"s:52:2:52:Infinity":39,"f:52:33:52:34":12,"s:52:38:52:82":40,"b:52:38:52:57:52:61:52:82":8,"f:52:88:52:89":13,"s:52:93:52:99":41,"s:57:24:57:Infinity":42,"f:59:16:59:30":14,"s:60:2:60:Infinity":43,"f:63:16:63:30":15,"s:64:18:64:Infinity":44,"b:65:2:65:Infinity:undefined:undefined:undefined:undefined":9,"s:65:2:65:Infinity":45,"s:65:17:65:42":46,"s:65:43:65:54":47,"b:66:2:66:Infinity:undefined:undefined:undefined:undefined":10,"s:66:2:66:Infinity":48,"f:66:28:66:29":16,"s:66:33:66:79":49,"s:66:83:66:108":50,"s:66:109:66:120":51,"s:67:14:67:Infinity":52,"s:68:2:68:Infinity":53,"s:69:2:69:Infinity":54,"s:70:1:70:Infinity":55,"s:71:2:71:Infinity":56,"f:74:16:74:33":17,"b:75:2:75:Infinity:undefined:undefined:undefined:undefined":11,"s:75:2:75:Infinity":57,"s:75:11:75:Infinity":58,"s:76:16:85:Infinity":59,"f:76:16:76:17":18,"b:77:4:80:Infinity:undefined:undefined:undefined:undefined":12,"s:77:4:80:Infinity":60,"s:78:6:78:Infinity":61,"b:78:31:78:96:78:100:78:Infinity":13,"s:79:6:79:Infinity":62,"b:81:4:84:Infinity:undefined:undefined:undefined:undefined":14,"s:81:4:84:Infinity":63,"s:82:6:82:Infinity":64,"s:83:6:83:Infinity":65,"s:86:2:86:Infinity":66,"s:87:2:87:Infinity":67,"f:87:9:87:10":19,"s:87:15:87:Infinity":68},"fnNames":{}}}
,"D:\\小米云盘\\myWeb\\src\\composables\\bridge.js": {"path":"D:\\小米云盘\\myWeb\\src\\composables\\bridge.js","statementMap":{"0":{"start":{"line":18,"column":18},"end":{"line":18,"column":null}},"1":{"start":{"line":21,"column":2},"end":{"line":23,"column":null}},"2":{"start":{"line":22,"column":4},"end":{"line":22,"column":null}},"3":{"start":{"line":24,"column":2},"end":{"line":24,"column":null}},"4":{"start":{"line":28,"column":14},"end":{"line":28,"column":null}},"5":{"start":{"line":29,"column":2},"end":{"line":32,"column":null}},"6":{"start":{"line":30,"column":4},"end":{"line":30,"column":null}},"7":{"start":{"line":31,"column":4},"end":{"line":31,"column":null}},"8":{"start":{"line":33,"column":2},"end":{"line":33,"column":null}},"9":{"start":{"line":37,"column":39},"end":{"line":37,"column":64}},"10":{"start":{"line":40,"column":24},"end":{"line":40,"column":null}},"11":{"start":{"line":41,"column":37},"end":{"line":41,"column":54}},"12":{"start":{"line":41,"column":55},"end":{"line":41,"column":75}},"13":{"start":{"line":44,"column":22},"end":{"line":44,"column":null}},"14":{"start":{"line":45,"column":35},"end":{"line":45,"column":50}},"15":{"start":{"line":45,"column":51},"end":{"line":45,"column":69}},"16":{"start":{"line":48,"column":24},"end":{"line":48,"column":null}},"17":{"start":{"line":49,"column":37},"end":{"line":49,"column":54}},"18":{"start":{"line":49,"column":55},"end":{"line":49,"column":75}},"19":{"start":{"line":52,"column":28},"end":{"line":52,"column":null}},"20":{"start":{"line":53,"column":41},"end":{"line":53,"column":62}},"21":{"start":{"line":53,"column":63},"end":{"line":53,"column":87}},"22":{"start":{"line":56,"column":29},"end":{"line":56,"column":null}},"23":{"start":{"line":57,"column":42},"end":{"line":57,"column":64}},"24":{"start":{"line":57,"column":65},"end":{"line":57,"column":90}},"25":{"start":{"line":60,"column":26},"end":{"line":60,"column":null}},"26":{"start":{"line":61,"column":39},"end":{"line":61,"column":58}},"27":{"start":{"line":61,"column":59},"end":{"line":61,"column":81}},"28":{"start":{"line":64,"column":20},"end":{"line":64,"column":null}},"29":{"start":{"line":65,"column":33},"end":{"line":65,"column":46}},"30":{"start":{"line":65,"column":47},"end":{"line":65,"column":63}}},"fnMap":{"0":{"name":"_set","decl":{"start":{"line":20,"column":9},"end":{"line":20,"column":13}},"loc":{"start":{"line":20,"column":24},"end":{"line":25,"column":null}},"line":20},"1":{"name":"_get","decl":{"start":{"line":27,"column":9},"end":{"line":27,"column":13}},"loc":{"start":{"line":27,"column":19},"end":{"line":34,"column":null}},"line":27},"2":{"name":"setEditorManager","decl":{"start":{"line":37,"column":16},"end":{"line":37,"column":32}},"loc":{"start":{"line":37,"column":37},"end":{"line":37,"column":null}},"line":37},"3":{"name":"setMentionAPI","decl":{"start":{"line":41,"column":16},"end":{"line":41,"column":29}},"loc":{"start":{"line":41,"column":35},"end":{"line":41,"column":null}},"line":41},"4":{"name":"setToastAPI","decl":{"start":{"line":45,"column":16},"end":{"line":45,"column":27}},"loc":{"start":{"line":45,"column":33},"end":{"line":45,"column":null}},"line":45},"5":{"name":"setCtxMenuAPI","decl":{"start":{"line":49,"column":16},"end":{"line":49,"column":29}},"loc":{"start":{"line":49,"column":35},"end":{"line":49,"column":null}},"line":49},"6":{"name":"setActionSheetAPI","decl":{"start":{"line":53,"column":16},"end":{"line":53,"column":33}},"loc":{"start":{"line":53,"column":39},"end":{"line":53,"column":null}},"line":53},"7":{"name":"setAttrDropdownAPI","decl":{"start":{"line":57,"column":16},"end":{"line":57,"column":34}},"loc":{"start":{"line":57,"column":40},"end":{"line":57,"column":null}},"line":57},"8":{"name":"setBatchMoveAPI","decl":{"start":{"line":61,"column":16},"end":{"line":61,"column":31}},"loc":{"start":{"line":61,"column":37},"end":{"line":61,"column":null}},"line":61},"9":{"name":"setMfbAPI","decl":{"start":{"line":65,"column":16},"end":{"line":65,"column":25}},"loc":{"start":{"line":65,"column":31},"end":{"line":65,"column":null}},"line":65}},"branchMap":{"0":{"loc":{"start":{"line":21,"column":2},"end":{"line":23,"column":null}},"type":"if","locations":[{"start":{"line":21,"column":2},"end":{"line":23,"column":null}},{"start":{},"end":{}}],"line":21},"1":{"loc":{"start":{"line":29,"column":2},"end":{"line":32,"column":null}},"type":"if","locations":[{"start":{"line":29,"column":2},"end":{"line":32,"column":null}},{"start":{},"end":{}}],"line":29}},"s":{"0":10,"1":4,"2":0,"3":4,"4":0,"5":0,"6":0,"7":0,"8":0,"9":4,"10":10,"11":0,"12":0,"13":10,"14":0,"15":0,"16":10,"17":0,"18":0,"19":10,"20":0,"21":0,"22":10,"23":0,"24":0,"25":10,"26":0,"27":0,"28":10,"29":0,"30":0},"f":{"0":4,"1":0,"2":4,"3":0,"4":0,"5":0,"6":0,"7":0,"8":0,"9":0},"b":{"0":[0,4],"1":[0,0]},"meta":{"lastBranch":2,"lastFunction":10,"lastStatement":31,"seen":{"s:18:18:18:Infinity":0,"f:20:9:20:13":0,"b:21:2:23:Infinity:undefined:undefined:undefined:undefined":0,"s:21:2:23:Infinity":1,"s:22:4:22:Infinity":2,"s:24:2:24:Infinity":3,"f:27:9:27:13":1,"s:28:14:28:Infinity":4,"b:29:2:32:Infinity:undefined:undefined:undefined:undefined":1,"s:29:2:32:Infinity":5,"s:30:4:30:Infinity":6,"s:31:4:31:Infinity":7,"s:33:2:33:Infinity":8,"f:37:16:37:32":2,"s:37:39:37:64":9,"s:40:24:40:Infinity":10,"f:41:16:41:29":3,"s:41:37:41:54":11,"s:41:55:41:75":12,"s:44:22:44:Infinity":13,"f:45:16:45:27":4,"s:45:35:45:50":14,"s:45:51:45:69":15,"s:48:24:48:Infinity":16,"f:49:16:49:29":5,"s:49:37:49:54":17,"s:49:55:49:75":18,"s:52:28:52:Infinity":19,"f:53:16:53:33":6,"s:53:41:53:62":20,"s:53:63:53:87":21,"s:56:29:56:Infinity":22,"f:57:16:57:34":7,"s:57:42:57:64":23,"s:57:65:57:90":24,"s:60:26:60:Infinity":25,"f:61:16:61:31":8,"s:61:39:61:58":26,"s:61:59:61:81":27,"s:64:20:64:Infinity":28,"f:65:16:65:25":9,"s:65:33:65:46":29,"s:65:47:65:63":30},"fnNames":{}}}
,"D:\\小米云盘\\myWeb\\src\\composables\\useInlineCard.js": {"path":"D:\\小米云盘\\myWeb\\src\\composables\\useInlineCard.js","statementMap":{"0":{"start":{"line":5,"column":2},"end":{"line":10,"column":null}},"1":{"start":{"line":14,"column":2},"end":{"line":19,"column":null}}},"fnMap":{"0":{"name":"inlineCardHTML","decl":{"start":{"line":4,"column":16},"end":{"line":4,"column":30}},"loc":{"start":{"line":4,"column":35},"end":{"line":11,"column":null}},"line":4},"1":{"name":"groupRefCardHTML","decl":{"start":{"line":13,"column":16},"end":{"line":13,"column":32}},"loc":{"start":{"line":13,"column":36},"end":{"line":20,"column":null}},"line":13}},"branchMap":{"0":{"loc":{"start":{"line":6,"column":25},"end":{"line":6,"column":57}},"type":"binary-expr","locations":[{"start":{"line":6,"column":25},"end":{"line":6,"column":32}},{"start":{"line":6,"column":35},"end":{"line":6,"column":57}}],"line":6},"1":{"loc":{"start":{"line":6,"column":44},"end":{"line":6,"column":56}},"type":"binary-expr","locations":[{"start":{"line":6,"column":44},"end":{"line":6,"column":50}},{"start":{"line":6,"column":54},"end":{"line":6,"column":56}}],"line":6},"2":{"loc":{"start":{"line":7,"column":38},"end":{"line":7,"column":52}},"type":"binary-expr","locations":[{"start":{"line":7,"column":38},"end":{"line":7,"column":46}},{"start":{"line":7,"column":50},"end":{"line":7,"column":52}}],"line":7},"3":{"loc":{"start":{"line":8,"column":43},"end":{"line":8,"column":55}},"type":"binary-expr","locations":[{"start":{"line":8,"column":43},"end":{"line":8,"column":49}},{"start":{"line":8,"column":53},"end":{"line":8,"column":55}}],"line":8},"4":{"loc":{"start":{"line":15,"column":7},"end":{"line":15,"column":153}},"type":"cond-expr","locations":[{"start":{"line":15,"column":16},"end":{"line":15,"column":56}},{"start":{"line":15,"column":59},"end":{"line":15,"column":153}}],"line":15},"5":{"loc":{"start":{"line":16,"column":38},"end":{"line":16,"column":54}},"type":"binary-expr","locations":[{"start":{"line":16,"column":38},"end":{"line":16,"column":44}},{"start":{"line":16,"column":48},"end":{"line":16,"column":54}}],"line":16}},"s":{"0":3,"1":3},"f":{"0":3,"1":3},"b":{"0":[3,2],"1":[2,0],"2":[3,0],"3":[3,0],"4":[1,2],"5":[3,0]},"meta":{"lastBranch":6,"lastFunction":2,"lastStatement":2,"seen":{"f:4:16:4:30":0,"s:5:2:10:Infinity":0,"b:6:25:6:32:6:35:6:57":0,"b:6:44:6:50:6:54:6:56":1,"b:7:38:7:46:7:50:7:52":2,"b:8:43:8:49:8:53:8:55":3,"f:13:16:13:32":1,"s:14:2:19:Infinity":1,"b:15:16:15:56:15:59:15:153":4,"b:16:38:16:44:16:48:16:54":5},"fnNames":{}}}
,"D:\\小米云盘\\myWeb\\src\\composables\\domain\\useAttrFilter.js": {"path":"D:\\小米云盘\\myWeb\\src\\composables\\domain\\useAttrFilter.js","statementMap":{"0":{"start":{"line":9,"column":15},"end":{"line":9,"column":null}},"1":{"start":{"line":10,"column":20},"end":{"line":10,"column":null}},"2":{"start":{"line":11,"column":2},"end":{"line":17,"column":null}},"3":{"start":{"line":12,"column":4},"end":{"line":12,"column":null}},"4":{"start":{"line":14,"column":4},"end":{"line":14,"column":null}},"5":{"start":{"line":15,"column":20},"end":{"line":15,"column":null}},"6":{"start":{"line":16,"column":4},"end":{"line":16,"column":null}},"7":{"start":{"line":16,"column":22},"end":{"line":16,"column":null}},"8":{"start":{"line":21,"column":15},"end":{"line":21,"column":null}},"9":{"start":{"line":22,"column":18},"end":{"line":22,"column":null}},"10":{"start":{"line":23,"column":2},"end":{"line":29,"column":null}},"11":{"start":{"line":24,"column":4},"end":{"line":24,"column":null}},"12":{"start":{"line":26,"column":4},"end":{"line":26,"column":null}},"13":{"start":{"line":27,"column":22},"end":{"line":27,"column":null}},"14":{"start":{"line":28,"column":4},"end":{"line":28,"column":null}},"15":{"start":{"line":28,"column":24},"end":{"line":28,"column":null}},"16":{"start":{"line":33,"column":2},"end":{"line":33,"column":null}},"17":{"start":{"line":33,"column":13},"end":{"line":33,"column":null}},"18":{"start":{"line":34,"column":15},"end":{"line":34,"column":null}},"19":{"start":{"line":35,"column":13},"end":{"line":35,"column":null}},"20":{"start":{"line":36,"column":2},"end":{"line":36,"column":null}},"21":{"start":{"line":36,"column":49},"end":{"line":36,"column":86}},"22":{"start":{"line":36,"column":91},"end":{"line":36,"column":null}},"23":{"start":{"line":37,"column":2},"end":{"line":37,"column":null}},"24":{"start":{"line":38,"column":2},"end":{"line":38,"column":null}},"25":{"start":{"line":39,"column":2},"end":{"line":39,"column":null}}},"fnMap":{"0":{"name":"toggleAttrFilter","decl":{"start":{"line":8,"column":16},"end":{"line":8,"column":32}},"loc":{"start":{"line":8,"column":41},"end":{"line":18,"column":null}},"line":8},"1":{"name":"toggleAttrExclude","decl":{"start":{"line":20,"column":16},"end":{"line":20,"column":33}},"loc":{"start":{"line":20,"column":42},"end":{"line":30,"column":null}},"line":20},"2":{"name":"addAttrQuick","decl":{"start":{"line":32,"column":16},"end":{"line":32,"column":28}},"loc":{"start":{"line":32,"column":35},"end":{"line":40,"column":null}},"line":32},"3":{"name":"(anonymous_3)","decl":{"start":{"line":36,"column":34},"end":{"line":36,"column":42}},"loc":{"start":{"line":36,"column":47},"end":{"line":36,"column":88}},"line":36}},"branchMap":{"0":{"loc":{"start":{"line":11,"column":2},"end":{"line":17,"column":null}},"type":"if","locations":[{"start":{"line":11,"column":2},"end":{"line":17,"column":null}},{"start":{"line":13,"column":9},"end":{"line":17,"column":null}}],"line":11},"1":{"loc":{"start":{"line":16,"column":4},"end":{"line":16,"column":null}},"type":"if","locations":[{"start":{"line":16,"column":4},"end":{"line":16,"column":null}},{"start":{},"end":{}}],"line":16},"2":{"loc":{"start":{"line":23,"column":2},"end":{"line":29,"column":null}},"type":"if","locations":[{"start":{"line":23,"column":2},"end":{"line":29,"column":null}},{"start":{"line":25,"column":9},"end":{"line":29,"column":null}}],"line":23},"3":{"loc":{"start":{"line":28,"column":4},"end":{"line":28,"column":null}},"type":"if","locations":[{"start":{"line":28,"column":4},"end":{"line":28,"column":null}},{"start":{},"end":{}}],"line":28},"4":{"loc":{"start":{"line":33,"column":2},"end":{"line":33,"column":null}},"type":"if","locations":[{"start":{"line":33,"column":2},"end":{"line":33,"column":null}},{"start":{},"end":{}}],"line":33},"5":{"loc":{"start":{"line":35,"column":13},"end":{"line":35,"column":null}},"type":"binary-expr","locations":[{"start":{"line":35,"column":13},"end":{"line":35,"column":123}},{"start":{"line":35,"column":126},"end":{"line":35,"column":null}}],"line":35},"6":{"loc":{"start":{"line":36,"column":2},"end":{"line":36,"column":null}},"type":"if","locations":[{"start":{"line":36,"column":2},"end":{"line":36,"column":null}},{"start":{},"end":{}}],"line":36},"7":{"loc":{"start":{"line":36,"column":56},"end":{"line":36,"column":86}},"type":"binary-expr","locations":[{"start":{"line":36,"column":56},"end":{"line":36,"column":67}},{"start":{"line":36,"column":71},"end":{"line":36,"column":86}}],"line":36}},"s":{"0":4,"1":4,"2":4,"3":1,"4":3,"5":3,"6":3,"7":1,"8":2,"9":2,"10":2,"11":0,"12":2,"13":2,"14":2,"15":1,"16":4,"17":1,"18":3,"19":3,"20":4,"21":1,"22":1,"23":2,"24":2,"25":2},"f":{"0":4,"1":2,"2":4,"3":1},"b":{"0":[1,3],"1":[1,2],"2":[0,2],"3":[1,1],"4":[1,3],"5":[3,0],"6":[1,3],"7":[1,0]},"meta":{"lastBranch":8,"lastFunction":4,"lastStatement":26,"seen":{"f:8:16:8:32":0,"s:9:15:9:Infinity":0,"s:10:20:10:Infinity":1,"b:11:2:17:Infinity:13:9:17:Infinity":0,"s:11:2:17:Infinity":2,"s:12:4:12:Infinity":3,"s:14:4:14:Infinity":4,"s:15:20:15:Infinity":5,"b:16:4:16:Infinity:undefined:undefined:undefined:undefined":1,"s:16:4:16:Infinity":6,"s:16:22:16:Infinity":7,"f:20:16:20:33":1,"s:21:15:21:Infinity":8,"s:22:18:22:Infinity":9,"b:23:2:29:Infinity:25:9:29:Infinity":2,"s:23:2:29:Infinity":10,"s:24:4:24:Infinity":11,"s:26:4:26:Infinity":12,"s:27:22:27:Infinity":13,"b:28:4:28:Infinity:undefined:undefined:undefined:undefined":3,"s:28:4:28:Infinity":14,"s:28:24:28:Infinity":15,"f:32:16:32:28":2,"b:33:2:33:Infinity:undefined:undefined:undefined:undefined":4,"s:33:2:33:Infinity":16,"s:33:13:33:Infinity":17,"s:34:15:34:Infinity":18,"s:35:13:35:Infinity":19,"b:35:13:35:123:35:126:35:Infinity":5,"b:36:2:36:Infinity:undefined:undefined:undefined:undefined":6,"s:36:2:36:Infinity":20,"f:36:34:36:42":3,"s:36:49:36:86":21,"b:36:56:36:67:36:71:36:86":7,"s:36:91:36:Infinity":22,"s:37:2:37:Infinity":23,"s:38:2:38:Infinity":24,"s:39:2:39:Infinity":25},"fnNames":{}}}
,"D:\\小米云盘\\myWeb\\src\\composables\\domain\\useBatch.js": {"path":"D:\\小米云盘\\myWeb\\src\\composables\\domain\\useBatch.js","statementMap":{"0":{"start":{"line":12,"column":15},"end":{"line":12,"column":null}},"1":{"start":{"line":13,"column":2},"end":{"line":13,"column":null}},"2":{"start":{"line":14,"column":2},"end":{"line":14,"column":null}},"3":{"start":{"line":15,"column":2},"end":{"line":19,"column":null}},"4":{"start":{"line":16,"column":4},"end":{"line":16,"column":null}},"5":{"start":{"line":16,"column":35},"end":{"line":16,"column":73}},"6":{"start":{"line":16,"column":53},"end":{"line":16,"column":73}},"7":{"start":{"line":17,"column":4},"end":{"line":17,"column":null}},"8":{"start":{"line":17,"column":39},"end":{"line":17,"column":77}},"9":{"start":{"line":17,"column":57},"end":{"line":17,"column":77}},"10":{"start":{"line":18,"column":4},"end":{"line":18,"column":null}},"11":{"start":{"line":20,"column":2},"end":{"line":20,"column":null}},"12":{"start":{"line":20,"column":27},"end":{"line":20,"column":null}},"13":{"start":{"line":20,"column":45},"end":{"line":20,"column":72}},"14":{"start":{"line":24,"column":15},"end":{"line":24,"column":null}},"15":{"start":{"line":25,"column":2},"end":{"line":25,"column":null}},"16":{"start":{"line":29,"column":15},"end":{"line":29,"column":null}},"17":{"start":{"line":30,"column":2},"end":{"line":30,"column":null}},"18":{"start":{"line":30,"column":35},"end":{"line":30,"column":null}},"19":{"start":{"line":31,"column":16},"end":{"line":31,"column":null}},"20":{"start":{"line":32,"column":1},"end":{"line":76,"column":null}},"21":{"start":{"line":33,"column":26},"end":{"line":33,"column":null}},"22":{"start":{"line":34,"column":23},"end":{"line":34,"column":null}},"23":{"start":{"line":35,"column":4},"end":{"line":58,"column":null}},"24":{"start":{"line":36,"column":6},"end":{"line":57,"column":null}},"25":{"start":{"line":37,"column":20},"end":{"line":37,"column":null}},"26":{"start":{"line":38,"column":19},"end":{"line":38,"column":null}},"27":{"start":{"line":39,"column":8},"end":{"line":39,"column":null}},"28":{"start":{"line":39,"column":16},"end":{"line":39,"column":null}},"29":{"start":{"line":40,"column":20},"end":{"line":40,"column":null}},"30":{"start":{"line":40,"column":55},"end":{"line":40,"column":67}},"31":{"start":{"line":41,"column":8},"end":{"line":41,"column":null}},"32":{"start":{"line":41,"column":22},"end":{"line":41,"column":null}},"33":{"start":{"line":43,"column":19},"end":{"line":43,"column":null}},"34":{"start":{"line":44,"column":8},"end":{"line":54,"column":null}},"35":{"start":{"line":45,"column":23},"end":{"line":45,"column":null}},"36":{"start":{"line":46,"column":10},"end":{"line":52,"column":null}},"37":{"start":{"line":47,"column":12},"end":{"line":50,"column":null}},"38":{"start":{"line":48,"column":14},"end":{"line":48,"column":null}},"39":{"start":{"line":48,"column":36},"end":{"line":48,"column":null}},"40":{"start":{"line":49,"column":14},"end":{"line":49,"column":null}},"41":{"start":{"line":51,"column":12},"end":{"line":51,"column":null}},"42":{"start":{"line":51,"column":56},"end":{"line":51,"column":66}},"43":{"start":{"line":53,"column":10},"end":{"line":53,"column":null}},"44":{"start":{"line":55,"column":20},"end":{"line":55,"column":null}},"45":{"start":{"line":55,"column":51},"end":{"line":55,"column":62}},"46":{"start":{"line":56,"column":8},"end":{"line":56,"column":null}},"47":{"start":{"line":56,"column":22},"end":{"line":56,"column":null}},"48":{"start":{"line":59,"column":4},"end":{"line":59,"column":null}},"49":{"start":{"line":60,"column":4},"end":{"line":60,"column":null}},"50":{"start":{"line":61,"column":4},"end":{"line":61,"column":null}},"51":{"start":{"line":62,"column":3},"end":{"line":75,"column":null}},"52":{"start":{"line":63,"column":6},"end":{"line":63,"column":null}},"53":{"start":{"line":63,"column":31},"end":{"line":63,"column":59}},"54":{"start":{"line":64,"column":6},"end":{"line":64,"column":null}},"55":{"start":{"line":64,"column":29},"end":{"line":64,"column":null}},"56":{"start":{"line":64,"column":64},"end":{"line":64,"column":95}},"57":{"start":{"line":65,"column":6},"end":{"line":73,"column":null}},"58":{"start":{"line":66,"column":8},"end":{"line":66,"column":null}},"59":{"start":{"line":66,"column":36},"end":{"line":66,"column":59}},"60":{"start":{"line":67,"column":8},"end":{"line":72,"column":null}},"61":{"start":{"line":68,"column":10},"end":{"line":71,"column":null}},"62":{"start":{"line":69,"column":23},"end":{"line":69,"column":null}},"63":{"start":{"line":70,"column":12},"end":{"line":70,"column":null}},"64":{"start":{"line":70,"column":58},"end":{"line":70,"column":null}},"65":{"start":{"line":74,"column":6},"end":{"line":74,"column":28}},"66":{"start":{"line":74,"column":28},"end":{"line":74,"column":null}},"67":{"start":{"line":79,"column":41},"end":{"line":79,"column":63}},"68":{"start":{"line":81,"column":34},"end":{"line":81,"column":56}},"69":{"start":{"line":84,"column":15},"end":{"line":84,"column":null}},"70":{"start":{"line":85,"column":2},"end":{"line":85,"column":null}},"71":{"start":{"line":85,"column":35},"end":{"line":85,"column":null}},"72":{"start":{"line":86,"column":16},"end":{"line":86,"column":null}},"73":{"start":{"line":87,"column":2},"end":{"line":95,"column":null}},"74":{"start":{"line":88,"column":4},"end":{"line":94,"column":null}},"75":{"start":{"line":89,"column":16},"end":{"line":89,"column":null}},"76":{"start":{"line":90,"column":6},"end":{"line":90,"column":null}},"77":{"start":{"line":90,"column":15},"end":{"line":90,"column":36}},"78":{"start":{"line":90,"column":37},"end":{"line":90,"column":61}},"79":{"start":{"line":92,"column":16},"end":{"line":92,"column":null}},"80":{"start":{"line":93,"column":6},"end":{"line":93,"column":null}},"81":{"start":{"line":93,"column":13},"end":{"line":93,"column":null}},"82":{"start":{"line":96,"column":2},"end":{"line":96,"column":null}},"83":{"start":{"line":97,"column":2},"end":{"line":97,"column":null}},"84":{"start":{"line":98,"column":2},"end":{"line":98,"column":null}},"85":{"start":{"line":99,"column":2},"end":{"line":99,"column":null}},"86":{"start":{"line":100,"column":1},"end":{"line":100,"column":null}}},"fnMap":{"0":{"name":"toggleBatchMode","decl":{"start":{"line":11,"column":16},"end":{"line":11,"column":31}},"loc":{"start":{"line":11,"column":34},"end":{"line":21,"column":null}},"line":11},"1":{"name":"(anonymous_1)","decl":{"start":{"line":16,"column":28},"end":{"line":16,"column":29}},"loc":{"start":{"line":16,"column":33},"end":{"line":16,"column":75}},"line":16},"2":{"name":"(anonymous_2)","decl":{"start":{"line":17,"column":32},"end":{"line":17,"column":33}},"loc":{"start":{"line":17,"column":37},"end":{"line":17,"column":79}},"line":17},"3":{"name":"(anonymous_3)","decl":{"start":{"line":20,"column":37},"end":{"line":20,"column":38}},"loc":{"start":{"line":20,"column":43},"end":{"line":20,"column":74}},"line":20},"4":{"name":"selectAllBatch","decl":{"start":{"line":23,"column":16},"end":{"line":23,"column":30}},"loc":{"start":{"line":23,"column":33},"end":{"line":26,"column":null}},"line":23},"5":{"name":"batchDelete","decl":{"start":{"line":28,"column":16},"end":{"line":28,"column":27}},"loc":{"start":{"line":28,"column":30},"end":{"line":77,"column":null}},"line":28},"6":{"name":"(anonymous_6)","decl":{"start":{"line":32,"column":42},"end":{"line":32,"column":43}},"loc":{"start":{"line":32,"column":48},"end":{"line":76,"column":3}},"line":32},"7":{"name":"(anonymous_7)","decl":{"start":{"line":35,"column":32},"end":{"line":35,"column":34}},"loc":{"start":{"line":35,"column":38},"end":{"line":58,"column":5}},"line":35},"8":{"name":"(anonymous_8)","decl":{"start":{"line":40,"column":50},"end":{"line":40,"column":51}},"loc":{"start":{"line":40,"column":55},"end":{"line":40,"column":67}},"line":40},"9":{"name":"(anonymous_9)","decl":{"start":{"line":46,"column":38},"end":{"line":46,"column":39}},"loc":{"start":{"line":46,"column":43},"end":{"line":52,"column":11}},"line":46},"10":{"name":"(anonymous_10)","decl":{"start":{"line":51,"column":49},"end":{"line":51,"column":52}},"loc":{"start":{"line":51,"column":56},"end":{"line":51,"column":66}},"line":51},"11":{"name":"(anonymous_11)","decl":{"start":{"line":55,"column":46},"end":{"line":55,"column":47}},"loc":{"start":{"line":55,"column":51},"end":{"line":55,"column":62}},"line":55},"12":{"name":"(anonymous_12)","decl":{"start":{"line":62,"column":41},"end":{"line":62,"column":49}},"loc":{"start":{"line":62,"column":53},"end":{"line":75,"column":5}},"line":62},"13":{"name":"(anonymous_13)","decl":{"start":{"line":63,"column":25},"end":{"line":63,"column":27}},"loc":{"start":{"line":63,"column":31},"end":{"line":63,"column":59}},"line":63},"14":{"name":"(anonymous_14)","decl":{"start":{"line":64,"column":54},"end":{"line":64,"column":55}},"loc":{"start":{"line":64,"column":64},"end":{"line":64,"column":95}},"line":64},"15":{"name":"(anonymous_15)","decl":{"start":{"line":65,"column":28},"end":{"line":65,"column":32}},"loc":{"start":{"line":65,"column":36},"end":{"line":73,"column":7}},"line":65},"16":{"name":"(anonymous_16)","decl":{"start":{"line":66,"column":31},"end":{"line":66,"column":32}},"loc":{"start":{"line":66,"column":36},"end":{"line":66,"column":59}},"line":66},"17":{"name":"(anonymous_17)","decl":{"start":{"line":67,"column":41},"end":{"line":67,"column":44}},"loc":{"start":{"line":67,"column":48},"end":{"line":72,"column":9}},"line":67},"18":{"name":"(anonymous_18)","decl":{"start":{"line":68,"column":35},"end":{"line":68,"column":38}},"loc":{"start":{"line":68,"column":42},"end":{"line":71,"column":11}},"line":68},"19":{"name":"showBatchMovePopover","decl":{"start":{"line":79,"column":16},"end":{"line":79,"column":36}},"loc":{"start":{"line":79,"column":39},"end":{"line":79,"column":null}},"line":79},"20":{"name":"hideBatchMovePopover","decl":{"start":{"line":81,"column":9},"end":{"line":81,"column":29}},"loc":{"start":{"line":81,"column":32},"end":{"line":81,"column":null}},"line":81},"21":{"name":"batchMoveToCat","decl":{"start":{"line":83,"column":16},"end":{"line":83,"column":30}},"loc":{"start":{"line":83,"column":38},"end":{"line":101,"column":null}},"line":83},"22":{"name":"(anonymous_22)","decl":{"start":{"line":87,"column":30},"end":{"line":87,"column":32}},"loc":{"start":{"line":87,"column":36},"end":{"line":95,"column":3}},"line":87}},"branchMap":{"0":{"loc":{"start":{"line":15,"column":2},"end":{"line":19,"column":null}},"type":"if","locations":[{"start":{"line":15,"column":2},"end":{"line":19,"column":null}},{"start":{},"end":{}}],"line":15},"1":{"loc":{"start":{"line":16,"column":35},"end":{"line":16,"column":73}},"type":"if","locations":[{"start":{"line":16,"column":35},"end":{"line":16,"column":73}},{"start":{},"end":{}}],"line":16},"2":{"loc":{"start":{"line":17,"column":39},"end":{"line":17,"column":77}},"type":"if","locations":[{"start":{"line":17,"column":39},"end":{"line":17,"column":77}},{"start":{},"end":{}}],"line":17},"3":{"loc":{"start":{"line":20,"column":2},"end":{"line":20,"column":null}},"type":"if","locations":[{"start":{"line":20,"column":2},"end":{"line":20,"column":null}},{"start":{},"end":{}}],"line":20},"4":{"loc":{"start":{"line":30,"column":2},"end":{"line":30,"column":null}},"type":"if","locations":[{"start":{"line":30,"column":2},"end":{"line":30,"column":null}},{"start":{},"end":{}}],"line":30},"5":{"loc":{"start":{"line":36,"column":6},"end":{"line":57,"column":null}},"type":"if","locations":[{"start":{"line":36,"column":6},"end":{"line":57,"column":null}},{"start":{"line":42,"column":13},"end":{"line":57,"column":null}}],"line":36},"6":{"loc":{"start":{"line":39,"column":8},"end":{"line":39,"column":null}},"type":"if","locations":[{"start":{"line":39,"column":8},"end":{"line":39,"column":null}},{"start":{},"end":{}}],"line":39},"7":{"loc":{"start":{"line":41,"column":8},"end":{"line":41,"column":null}},"type":"if","locations":[{"start":{"line":41,"column":8},"end":{"line":41,"column":null}},{"start":{},"end":{}}],"line":41},"8":{"loc":{"start":{"line":44,"column":8},"end":{"line":54,"column":null}},"type":"if","locations":[{"start":{"line":44,"column":8},"end":{"line":54,"column":null}},{"start":{},"end":{}}],"line":44},"9":{"loc":{"start":{"line":47,"column":12},"end":{"line":50,"column":null}},"type":"if","locations":[{"start":{"line":47,"column":12},"end":{"line":50,"column":null}},{"start":{},"end":{}}],"line":47},"10":{"loc":{"start":{"line":48,"column":14},"end":{"line":48,"column":null}},"type":"if","locations":[{"start":{"line":48,"column":14},"end":{"line":48,"column":null}},{"start":{},"end":{}}],"line":48},"11":{"loc":{"start":{"line":56,"column":8},"end":{"line":56,"column":null}},"type":"if","locations":[{"start":{"line":56,"column":8},"end":{"line":56,"column":null}},{"start":{},"end":{}}],"line":56},"12":{"loc":{"start":{"line":64,"column":6},"end":{"line":64,"column":null}},"type":"if","locations":[{"start":{"line":64,"column":6},"end":{"line":64,"column":null}},{"start":{},"end":{}}],"line":64},"13":{"loc":{"start":{"line":64,"column":65},"end":{"line":64,"column":77}},"type":"binary-expr","locations":[{"start":{"line":64,"column":65},"end":{"line":64,"column":72}},{"start":{"line":64,"column":76},"end":{"line":64,"column":77}}],"line":64},"14":{"loc":{"start":{"line":64,"column":82},"end":{"line":64,"column":94}},"type":"binary-expr","locations":[{"start":{"line":64,"column":82},"end":{"line":64,"column":89}},{"start":{"line":64,"column":93},"end":{"line":64,"column":94}}],"line":64},"15":{"loc":{"start":{"line":70,"column":12},"end":{"line":70,"column":null}},"type":"if","locations":[{"start":{"line":70,"column":12},"end":{"line":70,"column":null}},{"start":{},"end":{}}],"line":70},"16":{"loc":{"start":{"line":70,"column":16},"end":{"line":70,"column":56}},"type":"binary-expr","locations":[{"start":{"line":70,"column":16},"end":{"line":70,"column":18}},{"start":{"line":70,"column":22},"end":{"line":70,"column":56}}],"line":70},"17":{"loc":{"start":{"line":85,"column":2},"end":{"line":85,"column":null}},"type":"if","locations":[{"start":{"line":85,"column":2},"end":{"line":85,"column":null}},{"start":{},"end":{}}],"line":85},"18":{"loc":{"start":{"line":88,"column":4},"end":{"line":94,"column":null}},"type":"if","locations":[{"start":{"line":88,"column":4},"end":{"line":94,"column":null}},{"start":{"line":91,"column":11},"end":{"line":94,"column":null}}],"line":88},"19":{"loc":{"start":{"line":90,"column":6},"end":{"line":90,"column":null}},"type":"if","locations":[{"start":{"line":90,"column":6},"end":{"line":90,"column":null}},{"start":{},"end":{}}],"line":90},"20":{"loc":{"start":{"line":93,"column":6},"end":{"line":93,"column":null}},"type":"if","locations":[{"start":{"line":93,"column":6},"end":{"line":93,"column":null}},{"start":{},"end":{}}],"line":93}},"s":{"0":0,"1":0,"2":0,"3":0,"4":0,"5":0,"6":0,"7":0,"8":0,"9":0,"10":0,"11":0,"12":0,"13":0,"14":0,"15":0,"16":0,"17":0,"18":0,"19":0,"20":0,"21":0,"22":0,"23":0,"24":0,"25":0,"26":0,"27":0,"28":0,"29":0,"30":0,"31":0,"32":0,"33":0,"34":0,"35":0,"36":0,"37":0,"38":0,"39":0,"40":0,"41":0,"42":0,"43":0,"44":0,"45":0,"46":0,"47":0,"48":0,"49":0,"50":0,"51":0,"52":0,"53":0,"54":0,"55":0,"56":0,"57":0,"58":0,"59":0,"60":0,"61":0,"62":0,"63":0,"64":0,"65":0,"66":0,"67":0,"68":0,"69":0,"70":0,"71":0,"72":0,"73":0,"74":0,"75":0,"76":0,"77":0,"78":0,"79":0,"80":0,"81":0,"82":0,"83":0,"84":0,"85":0,"86":0},"f":{"0":0,"1":0,"2":0,"3":0,"4":0,"5":0,"6":0,"7":0,"8":0,"9":0,"10":0,"11":0,"12":0,"13":0,"14":0,"15":0,"16":0,"17":0,"18":0,"19":0,"20":0,"21":0,"22":0},"b":{"0":[0,0],"1":[0,0],"2":[0,0],"3":[0,0],"4":[0,0],"5":[0,0],"6":[0,0],"7":[0,0],"8":[0,0],"9":[0,0],"10":[0,0],"11":[0,0],"12":[0,0],"13":[0,0],"14":[0,0],"15":[0,0],"16":[0,0],"17":[0,0],"18":[0,0],"19":[0,0],"20":[0,0]},"meta":{"lastBranch":21,"lastFunction":23,"lastStatement":87,"seen":{"f:11:16:11:31":0,"s:12:15:12:Infinity":0,"s:13:2:13:Infinity":1,"s:14:2:14:Infinity":2,"b:15:2:19:Infinity:undefined:undefined:undefined:undefined":0,"s:15:2:19:Infinity":3,"s:16:4:16:Infinity":4,"f:16:28:16:29":1,"b:16:35:16:73:undefined:undefined:undefined:undefined":1,"s:16:35:16:73":5,"s:16:53:16:73":6,"s:17:4:17:Infinity":7,"f:17:32:17:33":2,"b:17:39:17:77:undefined:undefined:undefined:undefined":2,"s:17:39:17:77":8,"s:17:57:17:77":9,"s:18:4:18:Infinity":10,"b:20:2:20:Infinity:undefined:undefined:undefined:undefined":3,"s:20:2:20:Infinity":11,"s:20:27:20:Infinity":12,"f:20:37:20:38":3,"s:20:45:20:72":13,"f:23:16:23:30":4,"s:24:15:24:Infinity":14,"s:25:2:25:Infinity":15,"f:28:16:28:27":5,"s:29:15:29:Infinity":16,"b:30:2:30:Infinity:undefined:undefined:undefined:undefined":4,"s:30:2:30:Infinity":17,"s:30:35:30:Infinity":18,"s:31:16:31:Infinity":19,"s:32:1:76:Infinity":20,"f:32:42:32:43":6,"s:33:26:33:Infinity":21,"s:34:23:34:Infinity":22,"s:35:4:58:Infinity":23,"f:35:32:35:34":7,"b:36:6:57:Infinity:42:13:57:Infinity":5,"s:36:6:57:Infinity":24,"s:37:20:37:Infinity":25,"s:38:19:38:Infinity":26,"b:39:8:39:Infinity:undefined:undefined:undefined:undefined":6,"s:39:8:39:Infinity":27,"s:39:16:39:Infinity":28,"s:40:20:40:Infinity":29,"f:40:50:40:51":8,"s:40:55:40:67":30,"b:41:8:41:Infinity:undefined:undefined:undefined:undefined":7,"s:41:8:41:Infinity":31,"s:41:22:41:Infinity":32,"s:43:19:43:Infinity":33,"b:44:8:54:Infinity:undefined:undefined:undefined:undefined":8,"s:44:8:54:Infinity":34,"s:45:23:45:Infinity":35,"s:46:10:52:Infinity":36,"f:46:38:46:39":9,"b:47:12:50:Infinity:undefined:undefined:undefined:undefined":9,"s:47:12:50:Infinity":37,"b:48:14:48:Infinity:undefined:undefined:undefined:undefined":10,"s:48:14:48:Infinity":38,"s:48:36:48:Infinity":39,"s:49:14:49:Infinity":40,"s:51:12:51:Infinity":41,"f:51:49:51:52":10,"s:51:56:51:66":42,"s:53:10:53:Infinity":43,"s:55:20:55:Infinity":44,"f:55:46:55:47":11,"s:55:51:55:62":45,"b:56:8:56:Infinity:undefined:undefined:undefined:undefined":11,"s:56:8:56:Infinity":46,"s:56:22:56:Infinity":47,"s:59:4:59:Infinity":48,"s:60:4:60:Infinity":49,"s:61:4:61:Infinity":50,"s:62:3:75:Infinity":51,"f:62:41:62:49":12,"s:63:6:63:Infinity":52,"f:63:25:63:27":13,"s:63:31:63:59":53,"b:64:6:64:Infinity:undefined:undefined:undefined:undefined":12,"s:64:6:64:Infinity":54,"s:64:29:64:Infinity":55,"f:64:54:64:55":14,"s:64:64:64:95":56,"b:64:65:64:72:64:76:64:77":13,"b:64:82:64:89:64:93:64:94":14,"s:65:6:73:Infinity":57,"f:65:28:65:32":15,"s:66:8:66:Infinity":58,"f:66:31:66:32":16,"s:66:36:66:59":59,"s:67:8:72:Infinity":60,"f:67:41:67:44":17,"s:68:10:71:Infinity":61,"f:68:35:68:38":18,"s:69:23:69:Infinity":62,"b:70:12:70:Infinity:undefined:undefined:undefined:undefined":15,"s:70:12:70:Infinity":63,"b:70:16:70:18:70:22:70:56":16,"s:70:58:70:Infinity":64,"s:74:6:74:28":65,"s:74:28:74:Infinity":66,"f:79:16:79:36":19,"s:79:41:79:63":67,"f:81:9:81:29":20,"s:81:34:81:56":68,"f:83:16:83:30":21,"s:84:15:84:Infinity":69,"b:85:2:85:Infinity:undefined:undefined:undefined:undefined":17,"s:85:2:85:Infinity":70,"s:85:35:85:Infinity":71,"s:86:16:86:Infinity":72,"s:87:2:95:Infinity":73,"f:87:30:87:32":22,"b:88:4:94:Infinity:91:11:94:Infinity":18,"s:88:4:94:Infinity":74,"s:89:16:89:Infinity":75,"b:90:6:90:Infinity:undefined:undefined:undefined:undefined":19,"s:90:6:90:Infinity":76,"s:90:15:90:36":77,"s:90:37:90:61":78,"s:92:16:92:Infinity":79,"b:93:6:93:Infinity:undefined:undefined:undefined:undefined":20,"s:93:6:93:Infinity":80,"s:93:13:93:Infinity":81,"s:96:2:96:Infinity":82,"s:97:2:97:Infinity":83,"s:98:2:98:Infinity":84,"s:99:2:99:Infinity":85,"s:100:1:100:Infinity":86},"fnNames":{}}}
,"D:\\小米云盘\\myWeb\\src\\composables\\domain\\useBookmark.js": {"path":"D:\\小米云盘\\myWeb\\src\\composables\\domain\\useBookmark.js","statementMap":{"0":{"start":{"line":11,"column":2},"end":{"line":11,"column":null}},"1":{"start":{"line":11,"column":15},"end":{"line":11,"column":null}},"2":{"start":{"line":12,"column":2},"end":{"line":15,"column":null}},"3":{"start":{"line":13,"column":4},"end":{"line":13,"column":null}},"4":{"start":{"line":13,"column":25},"end":{"line":13,"column":null}},"5":{"start":{"line":14,"column":4},"end":{"line":14,"column":null}},"6":{"start":{"line":14,"column":10},"end":{"line":14,"column":66}},"7":{"start":{"line":14,"column":81},"end":{"line":14,"column":90}},"8":{"start":{"line":16,"column":2},"end":{"line":16,"column":null}},"9":{"start":{"line":16,"column":36},"end":{"line":16,"column":91}},"10":{"start":{"line":16,"column":42},"end":{"line":16,"column":61}},"11":{"start":{"line":16,"column":76},"end":{"line":16,"column":89}},"12":{"start":{"line":17,"column":2},"end":{"line":17,"column":null}},"13":{"start":{"line":24,"column":21},"end":{"line":45,"column":null}},"14":{"start":{"line":48,"column":2},"end":{"line":48,"column":null}},"15":{"start":{"line":48,"column":16},"end":{"line":48,"column":null}},"16":{"start":{"line":49,"column":15},"end":{"line":49,"column":null}},"17":{"start":{"line":50,"column":2},"end":{"line":50,"column":null}},"18":{"start":{"line":51,"column":2},"end":{"line":51,"column":null}},"19":{"start":{"line":52,"column":2},"end":{"line":52,"column":null}},"20":{"start":{"line":56,"column":2},"end":{"line":56,"column":null}},"21":{"start":{"line":56,"column":108},"end":{"line":56,"column":null}},"22":{"start":{"line":57,"column":15},"end":{"line":57,"column":null}},"23":{"start":{"line":58,"column":2},"end":{"line":58,"column":null}},"24":{"start":{"line":58,"column":13},"end":{"line":58,"column":null}},"25":{"start":{"line":59,"column":15},"end":{"line":59,"column":null}},"26":{"start":{"line":60,"column":2},"end":{"line":60,"column":null}},"27":{"start":{"line":64,"column":15},"end":{"line":64,"column":null}},"28":{"start":{"line":65,"column":13},"end":{"line":65,"column":null}},"29":{"start":{"line":68,"column":2},"end":{"line":79,"column":null}},"30":{"start":{"line":70,"column":27},"end":{"line":70,"column":null}},"31":{"start":{"line":71,"column":4},"end":{"line":71,"column":null}},"32":{"start":{"line":72,"column":19},"end":{"line":77,"column":null}},"33":{"start":{"line":73,"column":12},"end":{"line":73,"column":32}},"34":{"start":{"line":75,"column":8},"end":{"line":75,"column":null}},"35":{"start":{"line":75,"column":18},"end":{"line":75,"column":28}},"36":{"start":{"line":75,"column":29},"end":{"line":75,"column":56}},"37":{"start":{"line":78,"column":4},"end":{"line":78,"column":null}},"38":{"start":{"line":83,"column":2},"end":{"line":83,"column":null}},"39":{"start":{"line":84,"column":2},"end":{"line":84,"column":null}},"40":{"start":{"line":85,"column":2},"end":{"line":85,"column":null}},"41":{"start":{"line":86,"column":2},"end":{"line":86,"column":null}},"42":{"start":{"line":87,"column":2},"end":{"line":87,"column":null}},"43":{"start":{"line":88,"column":2},"end":{"line":88,"column":null}},"44":{"start":{"line":89,"column":2},"end":{"line":89,"column":null}},"45":{"start":{"line":90,"column":2},"end":{"line":90,"column":null}},"46":{"start":{"line":91,"column":2},"end":{"line":91,"column":null}},"47":{"start":{"line":92,"column":2},"end":{"line":92,"column":null}},"48":{"start":{"line":93,"column":2},"end":{"line":93,"column":null}},"49":{"start":{"line":94,"column":2},"end":{"line":94,"column":null}},"50":{"start":{"line":95,"column":2},"end":{"line":95,"column":null}},"51":{"start":{"line":96,"column":2},"end":{"line":96,"column":null}},"52":{"start":{"line":97,"column":2},"end":{"line":97,"column":null}},"53":{"start":{"line":98,"column":2},"end":{"line":98,"column":null}},"54":{"start":{"line":99,"column":2},"end":{"line":99,"column":null}},"55":{"start":{"line":102,"column":2},"end":{"line":102,"column":null}},"56":{"start":{"line":104,"column":2},"end":{"line":104,"column":null}},"57":{"start":{"line":105,"column":2},"end":{"line":105,"column":null}},"58":{"start":{"line":106,"column":1},"end":{"line":106,"column":null}},"59":{"start":{"line":107,"column":2},"end":{"line":107,"column":null}},"60":{"start":{"line":108,"column":2},"end":{"line":108,"column":null}},"61":{"start":{"line":112,"column":2},"end":{"line":112,"column":null}},"62":{"start":{"line":113,"column":2},"end":{"line":113,"column":null}},"63":{"start":{"line":114,"column":15},"end":{"line":114,"column":null}},"64":{"start":{"line":115,"column":2},"end":{"line":115,"column":null}},"65":{"start":{"line":116,"column":2},"end":{"line":116,"column":null}},"66":{"start":{"line":117,"column":2},"end":{"line":117,"column":null}},"67":{"start":{"line":117,"column":27},"end":{"line":117,"column":null}},"68":{"start":{"line":118,"column":2},"end":{"line":118,"column":null}},"69":{"start":{"line":122,"column":15},"end":{"line":122,"column":null}},"70":{"start":{"line":123,"column":16},"end":{"line":123,"column":null}},"71":{"start":{"line":124,"column":13},"end":{"line":124,"column":null}},"72":{"start":{"line":125,"column":2},"end":{"line":125,"column":null}},"73":{"start":{"line":125,"column":23},"end":{"line":125,"column":49}},"74":{"start":{"line":125,"column":50},"end":{"line":125,"column":56}},"75":{"start":{"line":128,"column":23},"end":{"line":128,"column":null}},"76":{"start":{"line":129,"column":2},"end":{"line":141,"column":null}},"77":{"start":{"line":130,"column":4},"end":{"line":140,"column":null}},"78":{"start":{"line":131,"column":6},"end":{"line":136,"column":null}},"79":{"start":{"line":132,"column":8},"end":{"line":132,"column":null}},"80":{"start":{"line":134,"column":7},"end":{"line":134,"column":null}},"81":{"start":{"line":135,"column":8},"end":{"line":135,"column":null}},"82":{"start":{"line":139,"column":6},"end":{"line":139,"column":null}},"83":{"start":{"line":143,"column":15},"end":{"line":152,"column":null}},"84":{"start":{"line":154,"column":2},"end":{"line":178,"column":null}},"85":{"start":{"line":155,"column":15},"end":{"line":155,"column":null}},"86":{"start":{"line":156,"column":4},"end":{"line":156,"column":null}},"87":{"start":{"line":156,"column":12},"end":{"line":156,"column":null}},"88":{"start":{"line":157,"column":3},"end":{"line":157,"column":null}},"89":{"start":{"line":159,"column":4},"end":{"line":159,"column":null}},"90":{"start":{"line":160,"column":4},"end":{"line":160,"column":null}},"91":{"start":{"line":161,"column":4},"end":{"line":161,"column":null}},"92":{"start":{"line":162,"column":4},"end":{"line":162,"column":null}},"93":{"start":{"line":163,"column":4},"end":{"line":163,"column":null}},"94":{"start":{"line":164,"column":4},"end":{"line":164,"column":null}},"95":{"start":{"line":165,"column":4},"end":{"line":165,"column":null}},"96":{"start":{"line":166,"column":3},"end":{"line":166,"column":null}},"97":{"start":{"line":167,"column":4},"end":{"line":177,"column":null}},"98":{"start":{"line":168,"column":24},"end":{"line":168,"column":null}},"99":{"start":{"line":169,"column":6},"end":{"line":169,"column":null}},"100":{"start":{"line":170,"column":17},"end":{"line":170,"column":null}},"101":{"start":{"line":171,"column":6},"end":{"line":176,"column":null}},"102":{"start":{"line":172,"column":8},"end":{"line":172,"column":null}},"103":{"start":{"line":173,"column":8},"end":{"line":173,"column":null}},"104":{"start":{"line":174,"column":8},"end":{"line":174,"column":null}},"105":{"start":{"line":175,"column":7},"end":{"line":175,"column":null}},"106":{"start":{"line":179,"column":2},"end":{"line":179,"column":null}},"107":{"start":{"line":179,"column":17},"end":{"line":179,"column":null}},"108":{"start":{"line":180,"column":2},"end":{"line":180,"column":null}},"109":{"start":{"line":184,"column":1},"end":{"line":184,"column":null}},"110":{"start":{"line":185,"column":2},"end":{"line":185,"column":null}},"111":{"start":{"line":186,"column":2},"end":{"line":186,"column":null}},"112":{"start":{"line":187,"column":2},"end":{"line":187,"column":null}},"113":{"start":{"line":188,"column":2},"end":{"line":188,"column":null}},"114":{"start":{"line":189,"column":2},"end":{"line":189,"column":null}},"115":{"start":{"line":190,"column":2},"end":{"line":190,"column":null}},"116":{"start":{"line":191,"column":2},"end":{"line":191,"column":null}},"117":{"start":{"line":192,"column":2},"end":{"line":192,"column":null}},"118":{"start":{"line":196,"column":14},"end":{"line":196,"column":null}},"119":{"start":{"line":197,"column":16},"end":{"line":197,"column":null}},"120":{"start":{"line":198,"column":2},"end":{"line":204,"column":null}},"121":{"start":{"line":199,"column":4},"end":{"line":199,"column":null}},"122":{"start":{"line":200,"column":4},"end":{"line":200,"column":null}},"123":{"start":{"line":201,"column":4},"end":{"line":201,"column":null}},"124":{"start":{"line":203,"column":4},"end":{"line":203,"column":null}},"125":{"start":{"line":207,"column":34},"end":{"line":207,"column":61}},"126":{"start":{"line":209,"column":29},"end":{"line":209,"column":51}},"127":{"start":{"line":213,"column":15},"end":{"line":213,"column":null}},"128":{"start":{"line":214,"column":12},"end":{"line":214,"column":null}},"129":{"start":{"line":215,"column":2},"end":{"line":217,"column":null}},"130":{"start":{"line":215,"column":30},"end":{"line":215,"column":47}},"131":{"start":{"line":216,"column":4},"end":{"line":216,"column":null}},"132":{"start":{"line":218,"column":2},"end":{"line":218,"column":null}},"133":{"start":{"line":222,"column":15},"end":{"line":222,"column":null}},"134":{"start":{"line":223,"column":14},"end":{"line":223,"column":null}},"135":{"start":{"line":224,"column":19},"end":{"line":224,"column":null}},"136":{"start":{"line":225,"column":2},"end":{"line":228,"column":null}},"137":{"start":{"line":226,"column":14},"end":{"line":226,"column":null}},"138":{"start":{"line":227,"column":4},"end":{"line":227,"column":null}},"139":{"start":{"line":227,"column":13},"end":{"line":227,"column":68}},"140":{"start":{"line":229,"column":2},"end":{"line":237,"column":null}},"141":{"start":{"line":230,"column":4},"end":{"line":236,"column":null}},"142":{"start":{"line":231,"column":6},"end":{"line":234,"column":null}},"143":{"start":{"line":232,"column":8},"end":{"line":232,"column":null}},"144":{"start":{"line":232,"column":34},"end":{"line":232,"column":null}},"145":{"start":{"line":233,"column":8},"end":{"line":233,"column":null}},"146":{"start":{"line":233,"column":54},"end":{"line":233,"column":null}},"147":{"start":{"line":235,"column":6},"end":{"line":235,"column":null}},"148":{"start":{"line":235,"column":48},"end":{"line":235,"column":56}},"149":{"start":{"line":238,"column":2},"end":{"line":240,"column":null}},"150":{"start":{"line":238,"column":16},"end":{"line":238,"column":42}},"151":{"start":{"line":239,"column":4},"end":{"line":239,"column":null}},"152":{"start":{"line":239,"column":52},"end":{"line":239,"column":null}},"153":{"start":{"line":241,"column":2},"end":{"line":241,"column":null}},"154":{"start":{"line":242,"column":1},"end":{"line":252,"column":null}},"155":{"start":{"line":243,"column":4},"end":{"line":243,"column":null}},"156":{"start":{"line":243,"column":36},"end":{"line":243,"column":59}},"157":{"start":{"line":244,"column":4},"end":{"line":249,"column":null}},"158":{"start":{"line":245,"column":6},"end":{"line":248,"column":null}},"159":{"start":{"line":246,"column":19},"end":{"line":246,"column":null}},"160":{"start":{"line":247,"column":8},"end":{"line":247,"column":null}},"161":{"start":{"line":247,"column":54},"end":{"line":247,"column":null}},"162":{"start":{"line":250,"column":4},"end":{"line":250,"column":null}},"163":{"start":{"line":251,"column":3},"end":{"line":251,"column":null}}},"fnMap":{"0":{"name":"_decodePasswordForFormAsync","decl":{"start":{"line":10,"column":15},"end":{"line":10,"column":42}},"loc":{"start":{"line":10,"column":67},"end":{"line":18,"column":null}},"line":10},"1":{"name":"openBookmark","decl":{"start":{"line":47,"column":16},"end":{"line":47,"column":28}},"loc":{"start":{"line":47,"column":33},"end":{"line":53,"column":null}},"line":47},"2":{"name":"visit","decl":{"start":{"line":55,"column":16},"end":{"line":55,"column":21}},"loc":{"start":{"line":55,"column":29},"end":{"line":61,"column":null}},"line":55},"3":{"name":"openBmModal","decl":{"start":{"line":63,"column":22},"end":{"line":63,"column":33}},"loc":{"start":{"line":63,"column":42},"end":{"line":109,"column":null}},"line":63},"4":{"name":"(anonymous_4)","decl":{"start":{"line":73,"column":6},"end":{"line":73,"column":7}},"loc":{"start":{"line":73,"column":12},"end":{"line":73,"column":32}},"line":73},"5":{"name":"(anonymous_5)","decl":{"start":{"line":74,"column":6},"end":{"line":74,"column":7}},"loc":{"start":{"line":74,"column":14},"end":{"line":76,"column":null}},"line":74},"6":{"name":"closeBmModal","decl":{"start":{"line":111,"column":16},"end":{"line":111,"column":28}},"loc":{"start":{"line":111,"column":31},"end":{"line":119,"column":null}},"line":111},"7":{"name":"saveBm","decl":{"start":{"line":121,"column":22},"end":{"line":121,"column":28}},"loc":{"start":{"line":121,"column":31},"end":{"line":181,"column":null}},"line":121},"8":{"name":"addSub","decl":{"start":{"line":183,"column":16},"end":{"line":183,"column":22}},"loc":{"start":{"line":183,"column":33},"end":{"line":193,"column":null}},"line":183},"9":{"name":"previewLogo","decl":{"start":{"line":195,"column":16},"end":{"line":195,"column":27}},"loc":{"start":{"line":195,"column":30},"end":{"line":205,"column":null}},"line":195},"10":{"name":"previewIconUrl","decl":{"start":{"line":207,"column":16},"end":{"line":207,"column":30}},"loc":{"start":{"line":207,"column":33},"end":{"line":207,"column":null}},"line":207},"11":{"name":"clearIcon","decl":{"start":{"line":209,"column":16},"end":{"line":209,"column":25}},"loc":{"start":{"line":209,"column":28},"end":{"line":209,"column":null}},"line":209},"12":{"name":"collectSubIds","decl":{"start":{"line":212,"column":9},"end":{"line":212,"column":22}},"loc":{"start":{"line":212,"column":27},"end":{"line":219,"column":null}},"line":212},"13":{"name":"(anonymous_13)","decl":{"start":{"line":215,"column":25},"end":{"line":215,"column":26}},"loc":{"start":{"line":215,"column":30},"end":{"line":215,"column":47}},"line":215},"14":{"name":"(anonymous_14)","decl":{"start":{"line":215,"column":57},"end":{"line":215,"column":58}},"loc":{"start":{"line":215,"column":62},"end":{"line":217,"column":3}},"line":215},"15":{"name":"deleteBookmarkWithUndo","decl":{"start":{"line":221,"column":16},"end":{"line":221,"column":38}},"loc":{"start":{"line":221,"column":55},"end":{"line":253,"column":null}},"line":221},"16":{"name":"(anonymous_16)","decl":{"start":{"line":225,"column":14},"end":{"line":225,"column":17}},"loc":{"start":{"line":225,"column":21},"end":{"line":228,"column":3}},"line":225},"17":{"name":"(anonymous_17)","decl":{"start":{"line":229,"column":14},"end":{"line":229,"column":16}},"loc":{"start":{"line":229,"column":20},"end":{"line":237,"column":3}},"line":229},"18":{"name":"(anonymous_18)","decl":{"start":{"line":230,"column":32},"end":{"line":230,"column":33}},"loc":{"start":{"line":230,"column":37},"end":{"line":236,"column":5}},"line":230},"19":{"name":"(anonymous_19)","decl":{"start":{"line":235,"column":43},"end":{"line":235,"column":44}},"loc":{"start":{"line":235,"column":48},"end":{"line":235,"column":56}},"line":235},"20":{"name":"(anonymous_20)","decl":{"start":{"line":242,"column":25},"end":{"line":242,"column":26}},"loc":{"start":{"line":242,"column":31},"end":{"line":252,"column":3}},"line":242},"21":{"name":"(anonymous_21)","decl":{"start":{"line":243,"column":31},"end":{"line":243,"column":32}},"loc":{"start":{"line":243,"column":36},"end":{"line":243,"column":59}},"line":243},"22":{"name":"(anonymous_22)","decl":{"start":{"line":244,"column":41},"end":{"line":244,"column":44}},"loc":{"start":{"line":244,"column":48},"end":{"line":249,"column":5}},"line":244},"23":{"name":"(anonymous_23)","decl":{"start":{"line":245,"column":35},"end":{"line":245,"column":38}},"loc":{"start":{"line":245,"column":42},"end":{"line":248,"column":7}},"line":245}},"branchMap":{"0":{"loc":{"start":{"line":11,"column":2},"end":{"line":11,"column":null}},"type":"if","locations":[{"start":{"line":11,"column":2},"end":{"line":11,"column":null}},{"start":{},"end":{}}],"line":11},"1":{"loc":{"start":{"line":12,"column":2},"end":{"line":15,"column":null}},"type":"if","locations":[{"start":{"line":12,"column":2},"end":{"line":15,"column":null}},{"start":{},"end":{}}],"line":12},"2":{"loc":{"start":{"line":12,"column":6},"end":{"line":12,"column":52}},"type":"binary-expr","locations":[{"start":{"line":12,"column":6},"end":{"line":12,"column":32}},{"start":{"line":12,"column":36},"end":{"line":12,"column":52}}],"line":12},"3":{"loc":{"start":{"line":13,"column":4},"end":{"line":13,"column":null}},"type":"if","locations":[{"start":{"line":13,"column":4},"end":{"line":13,"column":null}},{"start":{},"end":{}}],"line":13},"4":{"loc":{"start":{"line":16,"column":2},"end":{"line":16,"column":null}},"type":"if","locations":[{"start":{"line":16,"column":2},"end":{"line":16,"column":null}},{"start":{},"end":{}}],"line":16},"5":{"loc":{"start":{"line":48,"column":2},"end":{"line":48,"column":null}},"type":"if","locations":[{"start":{"line":48,"column":2},"end":{"line":48,"column":null}},{"start":{},"end":{}}],"line":48},"6":{"loc":{"start":{"line":50,"column":17},"end":{"line":50,"column":33}},"type":"binary-expr","locations":[{"start":{"line":50,"column":17},"end":{"line":50,"column":28}},{"start":{"line":50,"column":32},"end":{"line":50,"column":33}}],"line":50},"7":{"loc":{"start":{"line":56,"column":2},"end":{"line":56,"column":null}},"type":"if","locations":[{"start":{"line":56,"column":2},"end":{"line":56,"column":null}},{"start":{},"end":{}}],"line":56},"8":{"loc":{"start":{"line":57,"column":15},"end":{"line":57,"column":null}},"type":"binary-expr","locations":[{"start":{"line":57,"column":15},"end":{"line":57,"column":17}},{"start":{"line":57,"column":21},"end":{"line":57,"column":null}}],"line":57},"9":{"loc":{"start":{"line":58,"column":2},"end":{"line":58,"column":null}},"type":"if","locations":[{"start":{"line":58,"column":2},"end":{"line":58,"column":null}},{"start":{},"end":{}}],"line":58},"10":{"loc":{"start":{"line":65,"column":13},"end":{"line":65,"column":null}},"type":"cond-expr","locations":[{"start":{"line":65,"column":22},"end":{"line":65,"column":47}},{"start":{"line":65,"column":50},"end":{"line":65,"column":null}}],"line":65},"11":{"loc":{"start":{"line":68,"column":2},"end":{"line":79,"column":null}},"type":"if","locations":[{"start":{"line":68,"column":2},"end":{"line":79,"column":null}},{"start":{},"end":{}}],"line":68},"12":{"loc":{"start":{"line":68,"column":6},"end":{"line":68,"column":103}},"type":"binary-expr","locations":[{"start":{"line":68,"column":6},"end":{"line":68,"column":18}},{"start":{"line":68,"column":22},"end":{"line":68,"column":53}},{"start":{"line":68,"column":57},"end":{"line":68,"column":78}},{"start":{"line":68,"column":82},"end":{"line":68,"column":103}}],"line":68},"13":{"loc":{"start":{"line":75,"column":8},"end":{"line":75,"column":null}},"type":"if","locations":[{"start":{"line":75,"column":8},"end":{"line":75,"column":null}},{"start":{},"end":{}}],"line":75},"14":{"loc":{"start":{"line":83,"column":14},"end":{"line":83,"column":null}},"type":"binary-expr","locations":[{"start":{"line":83,"column":14},"end":{"line":83,"column":20}},{"start":{"line":83,"column":24},"end":{"line":83,"column":null}}],"line":83},"15":{"loc":{"start":{"line":84,"column":17},"end":{"line":84,"column":null}},"type":"binary-expr","locations":[{"start":{"line":84,"column":17},"end":{"line":84,"column":26}},{"start":{"line":84,"column":30},"end":{"line":84,"column":null}}],"line":84},"16":{"loc":{"start":{"line":85,"column":15},"end":{"line":85,"column":null}},"type":"binary-expr","locations":[{"start":{"line":85,"column":15},"end":{"line":85,"column":22}},{"start":{"line":85,"column":26},"end":{"line":85,"column":null}}],"line":85},"17":{"loc":{"start":{"line":86,"column":20},"end":{"line":86,"column":null}},"type":"binary-expr","locations":[{"start":{"line":86,"column":20},"end":{"line":86,"column":32}},{"start":{"line":86,"column":36},"end":{"line":86,"column":null}}],"line":86},"18":{"loc":{"start":{"line":87,"column":17},"end":{"line":87,"column":null}},"type":"binary-expr","locations":[{"start":{"line":87,"column":17},"end":{"line":87,"column":26}},{"start":{"line":87,"column":30},"end":{"line":87,"column":null}}],"line":87},"19":{"loc":{"start":{"line":88,"column":16},"end":{"line":88,"column":null}},"type":"binary-expr","locations":[{"start":{"line":88,"column":16},"end":{"line":88,"column":24}},{"start":{"line":88,"column":28},"end":{"line":88,"column":null}}],"line":88},"20":{"loc":{"start":{"line":89,"column":22},"end":{"line":89,"column":null}},"type":"binary-expr","locations":[{"start":{"line":89,"column":22},"end":{"line":89,"column":36}},{"start":{"line":89,"column":40},"end":{"line":89,"column":null}}],"line":89},"21":{"loc":{"start":{"line":90,"column":20},"end":{"line":90,"column":null}},"type":"binary-expr","locations":[{"start":{"line":90,"column":20},"end":{"line":90,"column":32}},{"start":{"line":90,"column":36},"end":{"line":90,"column":null}}],"line":90},"22":{"loc":{"start":{"line":91,"column":22},"end":{"line":91,"column":null}},"type":"cond-expr","locations":[{"start":{"line":91,"column":39},"end":{"line":91,"column":59}},{"start":{"line":91,"column":62},"end":{"line":91,"column":null}}],"line":91},"23":{"loc":{"start":{"line":98,"column":26},"end":{"line":98,"column":null}},"type":"binary-expr","locations":[{"start":{"line":98,"column":26},"end":{"line":98,"column":34}},{"start":{"line":98,"column":38},"end":{"line":98,"column":null}}],"line":98},"24":{"loc":{"start":{"line":104,"column":20},"end":{"line":104,"column":null}},"type":"binary-expr","locations":[{"start":{"line":104,"column":20},"end":{"line":104,"column":26}},{"start":{"line":104,"column":30},"end":{"line":104,"colu
[...]
,"D:\\小米云盘\\myWeb\\src\\stores\\ui.js": {"path":"D:\\小米云盘\\myWeb\\src\\stores\\ui.js","statementMap":{"0":{"start":{"line":10,"column":25},"end":{"line":125,"column":null}},"1":{"start":{"line":11,"column":16},"end":{"line":66,"column":3}},"2":{"start":{"line":71,"column":16},"end":{"line":71,"column":null}},"3":{"start":{"line":72,"column":6},"end":{"line":75,"column":null}},"4":{"start":{"line":73,"column":41},"end":{"line":73,"column":45}},"5":{"start":{"line":74,"column":38},"end":{"line":74,"column":53}},"6":{"start":{"line":80,"column":6},"end":{"line":94,"column":null}},"7":{"start":{"line":81,"column":18},"end":{"line":92,"column":null}},"8":{"start":{"line":93,"column":8},"end":{"line":93,"column":null}},"9":{"start":{"line":94,"column":20},"end":{"line":94,"column":83}},"10":{"start":{"line":98,"column":6},"end":{"line":122,"column":null}},"11":{"start":{"line":99,"column":20},"end":{"line":99,"column":null}},"12":{"start":{"line":100,"column":8},"end":{"line":100,"column":null}},"13":{"start":{"line":100,"column":18},"end":{"line":100,"column":null}},"14":{"start":{"line":101,"column":18},"end":{"line":101,"column":null}},"15":{"start":{"line":102,"column":8},"end":{"line":102,"column":null}},"16":{"start":{"line":102,"column":22},"end":{"line":102,"column":null}},"17":{"start":{"line":103,"column":8},"end":{"line":103,"column":null}},"18":{"start":{"line":103,"column":24},"end":{"line":103,"column":null}},"19":{"start":{"line":104,"column":8},"end":{"line":104,"column":null}},"20":{"start":{"line":104,"column":64},"end":{"line":104,"column":null}},"21":{"start":{"line":105,"column":8},"end":{"line":105,"column":null}},"22":{"start":{"line":105,"column":27},"end":{"line":105,"column":null}},"23":{"start":{"line":106,"column":8},"end":{"line":106,"column":null}},"24":{"start":{"line":106,"column":42},"end":{"line":106,"column":null}},"25":{"start":{"line":107,"column":8},"end":{"line":107,"column":null}},"26":{"start":{"line":107,"column":44},"end":{"line":107,"column":null}},"27":{"start":{"line":108,"column":8},"end":{"line":112,"column":null}},"28":{"start":{"line":109,"column":20},"end":{"line":109,"column":null}},"29":{"start":{"line":110,"column":21},"end":{"line":110,"column":null}},"30":{"start":{"line":110,"column":48},"end":{"line":110,"column":73}},"31":{"start":{"line":111,"column":10},"end":{"line":111,"column":null}},"32":{"start":{"line":111,"column":18},"end":{"line":111,"column":null}},"33":{"start":{"line":113,"column":8},"end":{"line":119,"column":null}},"34":{"start":{"line":114,"column":20},"end":{"line":114,"column":null}},"35":{"start":{"line":115,"column":10},"end":{"line":118,"column":null}},"36":{"start":{"line":116,"column":12},"end":{"line":116,"column":null}},"37":{"start":{"line":116,"column":73},"end":{"line":116,"column":null}},"38":{"start":{"line":116,"column":107},"end":{"line":116,"column":130}},"39":{"start":{"line":117,"column":12},"end":{"line":117,"column":null}},"40":{"start":{"line":117,"column":42},"end":{"line":117,"column":56}},"41":{"start":{"line":120,"column":8},"end":{"line":120,"column":null}},"42":{"start":{"line":120,"column":53},"end":{"line":120,"column":null}},"43":{"start":{"line":121,"column":8},"end":{"line":121,"column":null}},"44":{"start":{"line":121,"column":28},"end":{"line":121,"column":null}},"45":{"start":{"line":122,"column":20},"end":{"line":122,"column":86}}},"fnMap":{"0":{"name":"(anonymous_0)","decl":{"start":{"line":11,"column":9},"end":{"line":11,"column":10}},"loc":{"start":{"line":11,"column":16},"end":{"line":66,"column":3}},"line":11},"1":{"name":"selectAllBatch","decl":{"start":{"line":70,"column":4},"end":{"line":70,"column":18}},"loc":{"start":{"line":70,"column":21},"end":{"line":76,"column":5}},"line":70},"2":{"name":"(anonymous_2)","decl":{"start":{"line":73,"column":36},"end":{"line":73,"column":37}},"loc":{"start":{"line":73,"column":41},"end":{"line":73,"column":45}},"line":73},"3":{"name":"(anonymous_3)","decl":{"start":{"line":74,"column":33},"end":{"line":74,"column":34}},"loc":{"start":{"line":74,"column":38},"end":{"line":74,"column":53}},"line":74},"4":{"name":"saveUIState","decl":{"start":{"line":79,"column":4},"end":{"line":79,"column":15}},"loc":{"start":{"line":79,"column":18},"end":{"line":95,"column":5}},"line":79},"5":{"name":"restoreUIState","decl":{"start":{"line":97,"column":4},"end":{"line":97,"column":18}},"loc":{"start":{"line":97,"column":21},"end":{"line":123,"column":5}},"line":97},"6":{"name":"(anonymous_6)","decl":{"start":{"line":110,"column":43},"end":{"line":110,"column":44}},"loc":{"start":{"line":110,"column":48},"end":{"line":110,"column":73}},"line":110},"7":{"name":"(anonymous_7)","decl":{"start":{"line":115,"column":50},"end":{"line":115,"column":55}},"loc":{"start":{"line":115,"column":59},"end":{"line":118,"column":11}},"line":115},"8":{"name":"(anonymous_8)","decl":{"start":{"line":116,"column":102},"end":{"line":116,"column":103}},"loc":{"start":{"line":116,"column":107},"end":{"line":116,"column":130}},"line":116},"9":{"name":"(anonymous_9)","decl":{"start":{"line":117,"column":37},"end":{"line":117,"column":38}},"loc":{"start":{"line":117,"column":42},"end":{"line":117,"column":56}},"line":117}},"branchMap":{"0":{"loc":{"start":{"line":83,"column":26},"end":{"line":83,"column":53}},"type":"binary-expr","locations":[{"start":{"line":83,"column":26},"end":{"line":83,"column":45}},{"start":{"line":83,"column":49},"end":{"line":83,"column":53}}],"line":83},"1":{"loc":{"start":{"line":87,"column":23},"end":{"line":87,"column":45}},"type":"binary-expr","locations":[{"start":{"line":87,"column":23},"end":{"line":87,"column":39}},{"start":{"line":87,"column":43},"end":{"line":87,"column":45}}],"line":87},"2":{"loc":{"start":{"line":88,"column":20},"end":{"line":88,"column":44}},"type":"binary-expr","locations":[{"start":{"line":88,"column":20},"end":{"line":88,"column":33}},{"start":{"line":88,"column":37},"end":{"line":88,"column":44}}],"line":88},"3":{"loc":{"start":{"line":90,"column":22},"end":{"line":90,"column":46}},"type":"binary-expr","locations":[{"start":{"line":90,"column":22},"end":{"line":90,"column":37}},{"start":{"line":90,"column":41},"end":{"line":90,"column":46}}],"line":90},"4":{"loc":{"start":{"line":91,"column":24},"end":{"line":91,"column":null}},"type":"binary-expr","locations":[{"start":{"line":91,"column":24},"end":{"line":91,"column":58}},{"start":{"line":91,"column":62},"end":{"line":91,"column":null}}],"line":91},"5":{"loc":{"start":{"line":100,"column":8},"end":{"line":100,"column":null}},"type":"if","locations":[{"start":{"line":100,"column":8},"end":{"line":100,"column":null}},{"start":{},"end":{}}],"line":100},"6":{"loc":{"start":{"line":102,"column":8},"end":{"line":102,"column":null}},"type":"if","locations":[{"start":{"line":102,"column":8},"end":{"line":102,"column":null}},{"start":{},"end":{}}],"line":102},"7":{"loc":{"start":{"line":103,"column":8},"end":{"line":103,"column":null}},"type":"if","locations":[{"start":{"line":103,"column":8},"end":{"line":103,"column":null}},{"start":{},"end":{}}],"line":103},"8":{"loc":{"start":{"line":104,"column":8},"end":{"line":104,"column":null}},"type":"if","locations":[{"start":{"line":104,"column":8},"end":{"line":104,"column":null}},{"start":{},"end":{}}],"line":104},"9":{"loc":{"start":{"line":104,"column":12},"end":{"line":104,"column":62}},"type":"binary-expr","locations":[{"start":{"line":104,"column":12},"end":{"line":104,"column":35}},{"start":{"line":104,"column":39},"end":{"line":104,"column":62}}],"line":104},"10":{"loc":{"start":{"line":105,"column":8},"end":{"line":105,"column":null}},"type":"if","locations":[{"start":{"line":105,"column":8},"end":{"line":105,"column":null}},{"start":{},"end":{}}],"line":105},"11":{"loc":{"start":{"line":106,"column":8},"end":{"line":106,"column":null}},"type":"if","locations":[{"start":{"line":106,"column":8},"end":{"line":106,"column":null}},{"start":{},"end":{}}],"line":106},"12":{"loc":{"start":{"line":107,"column":8},"end":{"line":107,"column":null}},"type":"if","locations":[{"start":{"line":107,"column":8},"end":{"line":107,"column":null}},{"start":{},"end":{}}],"line":107},"13":{"loc":{"start":{"line":108,"column":8},"end":{"line":112,"column":null}},"type":"if","locations":[{"start":{"line":108,"column":8},"end":{"line":112,"column":null}},{"start":{},"end":{}}],"line":108},"14":{"loc":{"start":{"line":111,"column":10},"end":{"line":111,"column":null}},"type":"if","locations":[{"start":{"line":111,"column":10},"end":{"line":111,"column":null}},{"start":{},"end":{}}],"line":111},"15":{"loc":{"start":{"line":113,"column":8},"end":{"line":119,"column":null}},"type":"if","locations":[{"start":{"line":113,"column":8},"end":{"line":119,"column":null}},{"start":{},"end":{}}],"line":113},"16":{"loc":{"start":{"line":116,"column":12},"end":{"line":116,"column":null}},"type":"if","locations":[{"start":{"line":116,"column":12},"end":{"line":116,"column":null}},{"start":{},"end":{}}],"line":116},"17":{"loc":{"start":{"line":116,"column":16},"end":{"line":116,"column":71}},"type":"binary-expr","locations":[{"start":{"line":116,"column":16},"end":{"line":116,"column":41}},{"start":{"line":116,"column":45},"end":{"line":116,"column":71}}],"line":116},"18":{"loc":{"start":{"line":120,"column":8},"end":{"line":120,"column":null}},"type":"if","locations":[{"start":{"line":120,"column":8},"end":{"line":120,"column":null}},{"start":{},"end":{}}],"line":120},"19":{"loc":{"start":{"line":120,"column":12},"end":{"line":120,"column":51}},"type":"binary-expr","locations":[{"start":{"line":120,"column":12},"end":{"line":120,"column":24}},{"start":{"line":120,"column":28},"end":{"line":120,"column":51}}],"line":120},"20":{"loc":{"start":{"line":121,"column":8},"end":{"line":121,"column":null}},"type":"if","locations":[{"start":{"line":121,"column":8},"end":{"line":121,"column":null}},{"start":{},"end":{}}],"line":121}},"s":{"0":6,"1":57,"2":2,"3":2,"4":2,"5":1,"6":1,"7":1,"8":1,"9":0,"10":8,"11":8,"12":8,"13":1,"14":7,"15":7,"16":1,"17":6,"18":6,"19":6,"20":1,"21":6,"22":6,"23":6,"24":1,"25":6,"26":1,"27":6,"28":2,"29":2,"30":1,"31":2,"32":1,"33":6,"34":2,"35":2,"36":5,"37":2,"38":2,"39":3,"40":3,"41":6,"42":1,"43":6,"44":6,"45":1},"f":{"0":57,"1":2,"2":2,"3":1,"4":1,"5":8,"6":1,"7":5,"8":2,"9":3},"b":{"0":[1,1],"1":[1,0],"2":[1,0],"3":[1,1],"4":[1,1],"5":[1,7],"6":[1,6],"7":[1,5],"8":[1,5],"9":[6,5],"10":[1,5],"11":[1,5],"12":[1,5],"13":[2,4],"14":[1,1],"15":[2,4],"16":[2,3],"17":[5,5],"18":[1,5],"19":[6,1],"20":[0,6]},"meta":{"lastBranch":21,"lastFunction":10,"lastStatement":46,"seen":{"s:10:25:125:Infinity":0,"f:11:9:11:10":0,"s:11:16:66:3":1,"f:70:4:70:18":1,"s:71:16:71:Infinity":2,"s:72:6:75:Infinity":3,"f:73:36:73:37":2,"s:73:41:73:45":4,"f:74:33:74:34":3,"s:74:38:74:53":5,"f:79:4:79:15":4,"s:80:6:94:Infinity":6,"s:81:18:92:Infinity":7,"b:83:26:83:45:83:49:83:53":0,"b:87:23:87:39:87:43:87:45":1,"b:88:20:88:33:88:37:88:44":2,"b:90:22:90:37:90:41:90:46":3,"b:91:24:91:58:91:62:91:Infinity":4,"s:93:8:93:Infinity":8,"s:94:20:94:83":9,"f:97:4:97:18":5,"s:98:6:122:Infinity":10,"s:99:20:99:Infinity":11,"b:100:8:100:Infinity:undefined:undefined:undefined:undefined":5,"s:100:8:100:Infinity":12,"s:100:18:100:Infinity":13,"s:101:18:101:Infinity":14,"b:102:8:102:Infinity:undefined:undefined:undefined:undefined":6,"s:102:8:102:Infinity":15,"s:102:22:102:Infinity":16,"b:103:8:103:Infinity:undefined:undefined:undefined:undefined":7,"s:103:8:103:Infinity":17,"s:103:24:103:Infinity":18,"b:104:8:104:Infinity:undefined:undefined:undefined:undefined":8,"s:104:8:104:Infinity":19,"b:104:12:104:35:104:39:104:62":9,"s:104:64:104:Infinity":20,"b:105:8:105:Infinity:undefined:undefined:undefined:undefined":10,"s:105:8:105:Infinity":21,"s:105:27:105:Infinity":22,"b:106:8:106:Infinity:undefined:undefined:undefined:undefined":11,"s:106:8:106:Infinity":23,"s:106:42:106:Infinity":24,"b:107:8:107:Infinity:undefined:undefined:undefined:undefined":12,"s:107:8:107:Infinity":25,"s:107:44:107:Infinity":26,"b:108:8:112:Infinity:undefined:undefined:undefined:undefined":13,"s:108:8:112:Infinity":27,"s:109:20:109:Infinity":28,"s:110:21:110:Infinity":29,"f:110:43:110:44":6,"s:110:48:110:73":30,"b:111:10:111:Infinity:undefined:undefined:undefined:undefined":14,"s:111:10:111:Infinity":31,"s:111:18:111:Infinity":32,"b:113:8:119:Infinity:undefined:undefined:undefined:undefined":15,"s:113:8:119:Infinity":33,"s:114:20:114:Infinity":34,"s:115:10:118:Infinity":35,"f:115:50:115:55":7,"b:116:12:116:Infinity:undefined:undefined:undefined:undefined":16,"s:116:12:116:Infinity":36,"b:116:16:116:41:116:45:116:71":17,"s:116:73:116:Infinity":37,"f:116:102:116:103":8,"s:116:107:116:130":38,"s:117:12:117:Infinity":39,"f:117:37:117:38":9,"s:117:42:117:56":40,"b:120:8:120:Infinity:undefined:undefined:undefined:undefined":18,"s:120:8:120:Infinity":41,"b:120:12:120:24:120:28:120:51":19,"s:120:53:120:Infinity":42,"b:121:8:121:Infinity:undefined:undefined:undefined:undefined":20,"s:121:8:121:Infinity":43,"s:121:28:121:Infinity":44,"s:122:20:122:86":45},"fnNames":{}}}
,"D:\\小米云盘\\myWeb\\src\\stores\\undo.js": {"path":"D:\\小米云盘\\myWeb\\src\\stores\\undo.js","statementMap":{"0":{"start":{"line":6,"column":27},"end":{"line":44,"column":null}},"1":{"start":{"line":7,"column":16},"end":{"line":12,"column":3}},"2":{"start":{"line":15,"column":24},"end":{"line":18,"column":5}},"3":{"start":{"line":16,"column":16},"end":{"line":16,"column":null}},"4":{"start":{"line":17,"column":6},"end":{"line":17,"column":null}},"5":{"start":{"line":19,"column":24},"end":{"line":22,"column":5}},"6":{"start":{"line":20,"column":16},"end":{"line":20,"column":null}},"7":{"start":{"line":21,"column":6},"end":{"line":21,"column":null}},"8":{"start":{"line":27,"column":6},"end":{"line":27,"column":null}},"9":{"start":{"line":27,"column":29},"end":{"line":27,"column":null}},"10":{"start":{"line":28,"column":6},"end":{"line":28,"column":null}},"11":{"start":{"line":32,"column":6},"end":{"line":32,"column":null}},"12":{"start":{"line":33,"column":6},"end":{"line":33,"column":null}},"13":{"start":{"line":33,"column":30},"end":{"line":33,"column":61}},"14":{"start":{"line":33,"column":62},"end":{"line":33,"column":85}},"15":{"start":{"line":37,"column":6},"end":{"line":41,"column":null}},"16":{"start":{"line":38,"column":8},"end":{"line":40,"column":null}},"17":{"start":{"line":38,"column":46},"end":{"line":38,"column":58}},"18":{"start":{"line":39,"column":10},"end":{"line":39,"column":null}}},"fnMap":{"0":{"name":"(anonymous_0)","decl":{"start":{"line":7,"column":9},"end":{"line":7,"column":10}},"loc":{"start":{"line":7,"column":16},"end":{"line":12,"column":3}},"line":7},"1":{"name":"(anonymous_1)","decl":{"start":{"line":15,"column":13},"end":{"line":15,"column":14}},"loc":{"start":{"line":15,"column":24},"end":{"line":18,"column":5}},"line":15},"2":{"name":"(anonymous_2)","decl":{"start":{"line":15,"column":24},"end":{"line":15,"column":25}},"loc":{"start":{"line":15,"column":33},"end":{"line":18,"column":5}},"line":15},"3":{"name":"(anonymous_3)","decl":{"start":{"line":19,"column":13},"end":{"line":19,"column":14}},"loc":{"start":{"line":19,"column":24},"end":{"line":22,"column":5}},"line":19},"4":{"name":"(anonymous_4)","decl":{"start":{"line":19,"column":24},"end":{"line":19,"column":25}},"loc":{"start":{"line":19,"column":33},"end":{"line":22,"column":5}},"line":19},"5":{"name":"ensureStack","decl":{"start":{"line":26,"column":4},"end":{"line":26,"column":15}},"loc":{"start":{"line":26,"column":21},"end":{"line":29,"column":5}},"line":26},"6":{"name":"clearStack","decl":{"start":{"line":31,"column":4},"end":{"line":31,"column":14}},"loc":{"start":{"line":31,"column":20},"end":{"line":34,"column":5}},"line":31},"7":{"name":"cleanStale","decl":{"start":{"line":36,"column":4},"end":{"line":36,"column":14}},"loc":{"start":{"line":36,"column":25},"end":{"line":42,"column":5}},"line":36},"8":{"name":"(anonymous_8)","decl":{"start":{"line":38,"column":41},"end":{"line":38,"column":42}},"loc":{"start":{"line":38,"column":46},"end":{"line":38,"column":58}},"line":38}},"branchMap":{"0":{"loc":{"start":{"line":17,"column":16},"end":{"line":17,"column":48}},"type":"binary-expr","locations":[{"start":{"line":17,"column":16},"end":{"line":17,"column":17}},{"start":{"line":17,"column":21},"end":{"line":17,"column":27}},{"start":{"line":17,"column":31},"end":{"line":17,"column":48}}],"line":17},"1":{"loc":{"start":{"line":21,"column":16},"end":{"line":21,"column":48}},"type":"binary-expr","locations":[{"start":{"line":21,"column":16},"end":{"line":21,"column":17}},{"start":{"line":21,"column":21},"end":{"line":21,"column":27}},{"start":{"line":21,"column":31},"end":{"line":21,"column":48}}],"line":21},"2":{"loc":{"start":{"line":27,"column":6},"end":{"line":27,"column":null}},"type":"if","locations":[{"start":{"line":27,"column":6},"end":{"line":27,"column":null}},{"start":{},"end":{}}],"line":27},"3":{"loc":{"start":{"line":33,"column":6},"end":{"line":33,"column":null}},"type":"if","locations":[{"start":{"line":33,"column":6},"end":{"line":33,"column":null}},{"start":{},"end":{}}],"line":33},"4":{"loc":{"start":{"line":38,"column":8},"end":{"line":40,"column":null}},"type":"if","locations":[{"start":{"line":38,"column":8},"end":{"line":40,"column":null}},{"start":{},"end":{}}],"line":38}},"s":{"0":4,"1":0,"2":0,"3":0,"4":0,"5":0,"6":0,"7":0,"8":0,"9":0,"10":0,"11":0,"12":0,"13":0,"14":0,"15":0,"16":0,"17":0,"18":0},"f":{"0":0,"1":0,"2":0,"3":0,"4":0,"5":0,"6":0,"7":0,"8":0},"b":{"0":[0,0,0],"1":[0,0,0],"2":[0,0],"3":[0,0],"4":[0,0]},"meta":{"lastBranch":5,"lastFunction":9,"lastStatement":19,"seen":{"s:6:27:44:Infinity":0,"f:7:9:7:10":0,"s:7:16:12:3":1,"f:15:13:15:14":1,"s:15:24:18:5":2,"f:15:24:15:25":2,"s:16:16:16:Infinity":3,"s:17:6:17:Infinity":4,"b:17:16:17:17:17:21:17:27:17:31:17:48":0,"f:19:13:19:14":3,"s:19:24:22:5":5,"f:19:24:19:25":4,"s:20:16:20:Infinity":6,"s:21:6:21:Infinity":7,"b:21:16:21:17:21:21:21:27:21:31:21:48":1,"f:26:4:26:15":5,"b:27:6:27:Infinity:undefined:undefined:undefined:undefined":2,"s:27:6:27:Infinity":8,"s:27:29:27:Infinity":9,"s:28:6:28:Infinity":10,"f:31:4:31:14":6,"s:32:6:32:Infinity":11,"b:33:6:33:Infinity:undefined:undefined:undefined:undefined":3,"s:33:6:33:Infinity":12,"s:33:30:33:61":13,"s:33:62:33:85":14,"f:36:4:36:14":7,"s:37:6:41:Infinity":15,"b:38:8:40:Infinity:undefined:undefined:undefined:undefined":4,"s:38:8:40:Infinity":16,"f:38:41:38:42":8,"s:38:46:38:58":17,"s:39:10:39:Infinity":18},"fnNames":{}}}
}
